2025-12-16 16:25:40.409 INFO  [background-preinit] o.h.validator.internal.util.Version - HV000001: Hibernate Validator 8.0.3.Final
2025-12-16 16:25:40.529 INFO  [restartedMain] c.s.s.SuivieAcademiqueApplication - Starting SuivieAcademiqueApplication using Java 24.0.1 with PID 6648 (C:\Users\Mc-kevin\Faux\EADL\DevAvnc\tp3\suivie_academique\target\classes started by Mc-kevin in C:\Users\Mc-kevin\Faux\EADL\DevAvnc\tp3\suivie_academique)
2025-12-16 16:25:40.531 DEBUG [restartedMain] c.s.s.SuivieAcademiqueApplication - Running with Spring Boot v3.5.7, Spring v6.2.12
2025-12-16 16:25:40.532 INFO  [restartedMain] c.s.s.SuivieAcademiqueApplication - No active profile set, falling back to 1 default profile: "default"
2025-12-16 16:25:40.680 INFO  [restartedMain] o.s.b.d.e.DevToolsPropertyDefaultsPostProcessor - Devtools property defaults active! Set 'spring.devtools.add-properties' to 'false' to disable
2025-12-16 16:25:40.681 INFO  [restartedMain] o.s.b.d.e.DevToolsPropertyDefaultsPostProcessor - For additional web related logging consider setting the 'logging.level.web' property to 'DEBUG'
2025-12-16 16:25:44.148 INFO  [restartedMain] o.s.d.r.c.RepositoryConfigurationDelegate - Bootstrapping Spring Data JPA repositories in DEFAULT mode.
2025-12-16 16:25:44.397 INFO  [restartedMain] o.s.d.r.c.RepositoryConfigurationDelegate - Finished Spring Data repository scanning in 223 ms. Found 6 JPA repository interfaces.
2025-12-16 16:25:46.746 INFO  [restartedMain] o.s.b.w.e.tomcat.TomcatWebServer - Tomcat initialized with port 5002 (http)
2025-12-16 16:25:46.778 INFO  [restartedMain] o.a.coyote.http11.Http11NioProtocol - Initializing ProtocolHandler ["http-nio-5002"]
2025-12-16 16:25:46.782 INFO  [restartedMain] o.a.catalina.core.StandardService - Starting service [Tomcat]
2025-12-16 16:25:46.783 INFO  [restartedMain] o.a.catalina.core.StandardEngine - Starting Servlet engine: [Apache Tomcat/10.1.48]
2025-12-16 16:25:46.928 INFO  [restartedMain] o.a.c.c.C.[Tomcat].[localhost].[/] - Initializing Spring embedded WebApplicationContext
2025-12-16 16:25:46.928 INFO  [restartedMain] o.s.b.w.s.c.ServletWebServerApplicationContext - Root WebApplicationContext: initialization completed in 6246 ms
2025-12-16 16:25:47.761 INFO  [restartedMain] o.h.jpa.internal.util.LogHelper - HHH000204: Processing PersistenceUnitInfo [name: default]
2025-12-16 16:25:47.909 INFO  [restartedMain] org.hibernate.Version - HHH000412: Hibernate ORM core version 6.6.33.Final
2025-12-16 16:25:48.001 INFO  [restartedMain] o.h.c.i.RegionFactoryInitiator - HHH000026: Second-level cache disabled
2025-12-16 16:25:48.743 INFO  [restartedMain] o.s.o.j.p.SpringPersistenceUnitInfo - No LoadTimeWeaver setup: ignoring JPA class transformer
2025-12-16 16:25:48.837 INFO  [restartedMain] com.zaxxer.hikari.HikariDataSource - HikariPool-1 - Starting...
2025-12-16 16:25:51.638 WARN  [restartedMain] o.h.e.jdbc.spi.SqlExceptionHelper - SQL Error: 1049, SQLState: 42000
2025-12-16 16:25:51.639 ERROR [restartedMain] o.h.e.jdbc.spi.SqlExceptionHelper - Base 'suivie_academique' inconnue
2025-12-16 16:25:51.643 WARN  [restartedMain] o.h.e.j.e.i.JdbcEnvironmentInitiator - HHH000342: Could not obtain connection to query metadata
org.hibernate.exception.SQLGrammarException: unable to obtain isolated JDBC connection [Base 'suivie_academique' inconnue] [n/a]
	at org.hibernate.exception.internal.SQLStateConversionDelegate.convert(SQLStateConversionDelegate.java:91)
	at org.hibernate.exception.internal.StandardSQLExceptionConverter.convert(StandardSQLExceptionConverter.java:58)
	at org.hibernate.engine.jdbc.spi.SqlExceptionHelper.convert(SqlExceptionHelper.java:108)
	at org.hibernate.engine.jdbc.spi.SqlExceptionHelper.convert(SqlExceptionHelper.java:94)
	at org.hibernate.resource.transaction.backend.jdbc.internal.JdbcIsolationDelegate.delegateWork(JdbcIsolationDelegate.java:116)
	at org.hibernate.engine.jdbc.env.internal.JdbcEnvironmentInitiator.getJdbcEnvironmentUsingJdbcMetadata(JdbcEnvironmentInitiator.java:334)
	at org.hibernate.engine.jdbc.env.internal.JdbcEnvironmentInitiator.initiateService(JdbcEnvironmentInitiator.java:129)
	at org.hibernate.engine.jdbc.env.internal.JdbcEnvironmentInitiator.initiateService(JdbcEnvironmentInitiator.java:81)
	at org.hibernate.boot.registry.internal.StandardServiceRegistryImpl.initiateService(StandardServiceRegistryImpl.java:130)
	at org.hibernate.service.internal.AbstractServiceRegistryImpl.createService(AbstractServiceRegistryImpl.java:263)
	at org.hibernate.service.internal.AbstractServiceRegistryImpl.initializeService(AbstractServiceRegistryImpl.java:238)
	at org.hibernate.service.internal.AbstractServiceRegistryImpl.getService(AbstractServiceRegistryImpl.java:215)
	at org.hibernate.boot.model.relational.Database.<init>(Database.java:45)
	at org.hibernate.boot.internal.InFlightMetadataCollectorImpl.getDatabase(InFlightMetadataCollectorImpl.java:226)
	at org.hibernate.boot.internal.InFlightMetadataCollectorImpl.<init>(InFlightMetadataCollectorImpl.java:194)
	at org.hibernate.boot.model.process.spi.MetadataBuildingProcess.complete(MetadataBuildingProcess.java:171)
	at org.hibernate.jpa.boot.internal.EntityManagerFactoryBuilderImpl.metadata(EntityManagerFactoryBuilderImpl.java:1442)
	at org.hibernate.jpa.boot.internal.EntityManagerFactoryBuilderImpl.build(EntityManagerFactoryBuilderImpl.java:1513)
	at org.springframework.orm.jpa.vendor.SpringHibernateJpaPersistenceProvider.createContainerEntityManagerFactory(SpringHibernateJpaPersistenceProvider.java:66)
	at org.springframework.orm.jpa.LocalContainerEntityManagerFactoryBean.createNativeEntityManagerFactory(LocalContainerEntityManagerFactoryBean.java:390)
	at org.springframework.orm.jpa.AbstractEntityManagerFactoryBean.buildNativeEntityManagerFactory(AbstractEntityManagerFactoryBean.java:419)
	at org.springframework.orm.jpa.AbstractEntityManagerFactoryBean.afterPropertiesSet(AbstractEntityManagerFactoryBean.java:400)
	at org.springframework.orm.jpa.LocalContainerEntityManagerFactoryBean.afterPropertiesSet(LocalContainerEntityManagerFactoryBean.java:366)
	at org.springframework.beans.factory.support.AbstractAutowireCapableBeanFactory.invokeInitMethods(AbstractAutowireCapableBeanFactory.java:1873)
	at org.springframework.beans.factory.support.AbstractAutowireCapableBeanFactory.initializeBean(AbstractAutowireCapableBeanFactory.java:1822)
	at org.springframework.beans.factory.support.AbstractAutowireCapableBeanFactory.doCreateBean(AbstractAutowireCapableBeanFactory.java:607)
	at org.springframework.beans.factory.support.AbstractAutowireCapableBeanFactory.createBean(AbstractAutowireCapableBeanFactory.java:529)
	at org.springframework.beans.factory.support.AbstractBeanFactory.lambda$doGetBean$0(AbstractBeanFactory.java:339)
	at org.springframework.beans.factory.support.DefaultSingletonBeanRegistry.getSingleton(DefaultSingletonBeanRegistry.java:373)
	at org.springframework.beans.factory.support.AbstractBeanFactory.doGetBean(AbstractBeanFactory.java:337)
	at org.springframework.beans.factory.support.AbstractBeanFactory.getBean(AbstractBeanFactory.java:202)
	at org.springframework.beans.factory.support.BeanDefinitionValueResolver.resolveReference(BeanDefinitionValueResolver.java:365)
	at org.springframework.beans.factory.support.BeanDefinitionValueResolver.resolveValueIfNecessary(BeanDefinitionValueResolver.java:135)
	at org.springframework.beans.factory.support.ConstructorResolver.resolveConstructorArguments(ConstructorResolver.java:691)
	at org.springframework.beans.factory.support.ConstructorResolver.instantiateUsingFactoryMethod(ConstructorResolver.java:513)
	at org.springframework.beans.factory.support.AbstractAutowireCapableBeanFactory.instantiateUsingFactoryMethod(AbstractAutowireCapableBeanFactory.java:1375)
	at org.springframework.beans.factory.support.AbstractAutowireCapableBeanFactory.createBeanInstance(AbstractAutowireCapableBeanFactory.java:1205)
	at org.springframework.beans.factory.support.AbstractAutowireCapableBeanFactory.doCreateBean(AbstractAutowireCapableBeanFactory.java:569)
	at org.springframework.beans.factory.support.AbstractAutowireCapableBeanFactory.createBean(AbstractAutowireCapableBeanFactory.java:529)
	at org.springframework.beans.factory.support.AbstractBeanFactory.lambda$doGetBean$0(AbstractBeanFactory.java:339)
	at org.springframework.beans.factory.support.DefaultSingletonBeanRegistry.getSingleton(DefaultSingletonBeanRegistry.java:373)
	at org.springframework.beans.factory.support.AbstractBeanFactory.doGetBean(AbstractBeanFactory.java:337)
	at org.springframework.beans.factory.support.AbstractBeanFactory.getBean(AbstractBeanFactory.java:202)
	at org.springframework.beans.factory.support.BeanDefinitionValueResolver.resolveReference(BeanDefinitionValueResolver.java:365)
	at org.springframework.beans.factory.support.BeanDefinitionValueResolver.resolveValueIfNecessary(BeanDefinitionValueResolver.java:135)
	at org.springframework.beans.factory.support.AbstractAutowireCapableBeanFactory.applyPropertyValues(AbstractAutowireCapableBeanFactory.java:1725)
	at org.springframework.beans.factory.support.AbstractAutowireCapableBeanFactory.populateBean(AbstractAutowireCapableBeanFactory.java:1474)
	at org.springframework.beans.factory.support.AbstractAutowireCapableBeanFactory.doCreateBean(AbstractAutowireCapableBeanFactory.java:606)
	at org.springframework.beans.factory.support.AbstractAutowireCapableBeanFactory.createBean(AbstractAutowireCapableBeanFactory.java:529)
	at org.springframework.beans.factory.support.AbstractBeanFactory.lambda$doGetBean$0(AbstractBeanFactory.java:339)
	at org.springframework.beans.factory.support.DefaultSingletonBeanRegistry.getSingleton(DefaultSingletonBeanRegistry.java:373)
	at org.springframework.beans.factory.support.AbstractBeanFactory.doGetBean(AbstractBeanFactory.java:337)
	at org.springframework.beans.factory.support.AbstractBeanFactory.getBean(AbstractBeanFactory.java:202)
	at org.springframework.beans.factory.support.DefaultListableBeanFactory.doResolveDependency(DefaultListableBeanFactory.java:1708)
	at org.springframework.beans.factory.support.DefaultListableBeanFactory.resolveDependency(DefaultListableBeanFactory.java:1653)
	at org.springframework.beans.factory.support.ConstructorResolver.resolveAutowiredArgument(ConstructorResolver.java:913)
	at org.springframework.beans.factory.support.ConstructorResolver.createArgumentArray(ConstructorResolver.java:791)
	at org.springframework.beans.factory.support.ConstructorResolver.autowireConstructor(ConstructorResolver.java:240)
	at org.springframework.beans.factory.support.AbstractAutowireCapableBeanFactory.autowireConstructor(AbstractAutowireCapableBeanFactory.java:1395)
	at org.springframework.beans.factory.support.AbstractAutowireCapableBeanFactory.createBeanInstance(AbstractAutowireCapableBeanFactory.java:1232)
	at org.springframework.beans.factory.support.AbstractAutowireCapableBeanFactory.doCreateBean(AbstractAutowireCapableBeanFactory.java:569)
	at org.springframework.beans.factory.support.AbstractAutowireCapableBeanFactory.createBean(AbstractAutowireCapableBeanFactory.java:529)
	at org.springframework.beans.factory.support.AbstractBeanFactory.lambda$doGetBean$0(AbstractBeanFactory.java:339)
	at org.springframework.beans.factory.support.DefaultSingletonBeanRegistry.getSingleton(DefaultSingletonBeanRegistry.java:373)
	at org.springframework.beans.factory.support.AbstractBeanFactory.doGetBean(AbstractBeanFactory.java:337)
	at org.springframework.beans.factory.support.AbstractBeanFactory.getBean(AbstractBeanFactory.java:202)
	at org.springframework.beans.factory.support.DefaultListableBeanFactory.doResolveDependency(DefaultListableBeanFactory.java:1708)
	at org.springframework.beans.factory.support.DefaultListableBeanFactory.resolveDependency(DefaultListableBeanFactory.java:1653)
	at org.springframework.beans.factory.support.ConstructorResolver.resolveAutowiredArgument(ConstructorResolver.java:913)
	at org.springframework.beans.factory.support.ConstructorResolver.createArgumentArray(ConstructorResolver.java:791)
	at org.springframework.beans.factory.support.ConstructorResolver.autowireConstructor(ConstructorResolver.java:240)
	at org.springframework.beans.factory.support.AbstractAutowireCapableBeanFactory.autowireConstructor(AbstractAutowireCapableBeanFactory.java:1395)
	at org.springframework.beans.factory.support.AbstractAutowireCapableBeanFactory.createBeanInstance(AbstractAutowireCapableBeanFactory.java:1232)
	at org.springframework.beans.factory.support.AbstractAutowireCapableBeanFactory.doCreateBean(AbstractAutowireCapableBeanFactory.java:569)
	at org.springframework.beans.factory.support.AbstractAutowireCapableBeanFactory.createBean(AbstractAutowireCapableBeanFactory.java:529)
	at org.springframework.beans.factory.support.AbstractBeanFactory.lambda$doGetBean$0(AbstractBeanFactory.java:339)
	at org.springframework.beans.factory.support.DefaultSingletonBeanRegistry.getSingleton(DefaultSingletonBeanRegistry.java:373)
	at org.springframework.beans.factory.support.AbstractBeanFactory.doGetBean(AbstractBeanFactory.java:337)
	at org.springframework.beans.factory.support.AbstractBeanFactory.getBean(AbstractBeanFactory.java:207)
	at org.springframework.boot.web.servlet.ServletContextInitializerBeans.getOrderedBeansOfType(ServletContextInitializerBeans.java:230)
	at org.springframework.boot.web.servlet.ServletContextInitializerBeans.addAsRegistrationBean(ServletContextInitializerBeans.java:184)
	at org.springframework.boot.web.servlet.ServletContextInitializerBeans.addAsRegistrationBean(ServletContextInitializerBeans.java:179)
	at org.springframework.boot.web.servlet.ServletContextInitializerBeans.addAdaptableBeans(ServletContextInitializerBeans.java:164)
	at org.springframework.boot.web.servlet.ServletContextInitializerBeans.<init>(ServletContextInitializerBeans.java:96)
	at org.springframework.boot.web.servlet.context.ServletWebServerApplicationContext.getServletContextInitializerBeans(ServletWebServerApplicationContext.java:271)
	at org.springframework.boot.web.servlet.context.ServletWebServerApplicationContext.selfInitialize(ServletWebServerApplicationContext.java:245)
	at org.springframework.boot.web.embedded.tomcat.TomcatStarter.onStartup(TomcatStarter.java:52)
	at org.apache.catalina.core.StandardContext.startInternal(StandardContext.java:4452)
	at org.apache.catalina.util.LifecycleBase.start(LifecycleBase.java:164)
	at org.apache.catalina.core.ContainerBase$StartChild.call(ContainerBase.java:1201)
	at org.apache.catalina.core.ContainerBase$StartChild.call(ContainerBase.java:1191)
	at java.base/java.util.concurrent.FutureTask.run(FutureTask.java:328)
	at org.apache.tomcat.util.threads.InlineExecutorService.execute(InlineExecutorService.java:81)
	at java.base/java.util.concurrent.AbstractExecutorService.submit(AbstractExecutorService.java:148)
	at org.apache.catalina.core.ContainerBase.startInternal(ContainerBase.java:747)
	at org.apache.catalina.core.StandardHost.startInternal(StandardHost.java:770)
	at org.apache.catalina.util.LifecycleBase.start(LifecycleBase.java:164)
	at org.apache.catalina.core.ContainerBase$StartChild.call(ContainerBase.java:1201)
	at org.apache.catalina.core.ContainerBase$StartChild.call(ContainerBase.java:1191)
	at java.base/java.util.concurrent.FutureTask.run(FutureTask.java:328)
	at org.apache.tomcat.util.threads.InlineExecutorService.execute(InlineExecutorService.java:81)
	at java.base/java.util.concurrent.AbstractExecutorService.submit(AbstractExecutorService.java:148)
	at org.apache.catalina.core.ContainerBase.startInternal(ContainerBase.java:747)
	at org.apache.catalina.core.StandardEngine.startInternal(StandardEngine.java:201)
	at org.apache.catalina.util.LifecycleBase.start(LifecycleBase.java:164)
	at org.apache.catalina.core.StandardService.startInternal(StandardService.java:410)
	at org.apache.catalina.util.LifecycleBase.start(LifecycleBase.java:164)
	at org.apache.catalina.core.StandardServer.startInternal(StandardServer.java:868)
	at org.apache.catalina.util.LifecycleBase.start(LifecycleBase.java:164)
	at org.apache.catalina.startup.Tomcat.start(Tomcat.java:436)
	at org.springframework.boot.web.embedded.tomcat.TomcatWebServer.initialize(TomcatWebServer.java:128)
	at org.springframework.boot.web.embedded.tomcat.TomcatWebServer.<init>(TomcatWebServer.java:107)
	at org.springframework.boot.web.embedded.tomcat.TomcatServletWebServerFactory.getTomcatWebServer(TomcatServletWebServerFactory.java:517)
	at org.springframework.boot.web.embedded.tomcat.TomcatServletWebServerFactory.getWebServer(TomcatServletWebServerFactory.java:219)
	at org.springframework.boot.web.servlet.context.ServletWebServerApplicationContext.createWebServer(ServletWebServerApplicationContext.java:193)
	at org.springframework.boot.web.servlet.context.ServletWebServerApplicationContext.onRefresh(ServletWebServerApplicationContext.java:167)
	at org.springframework.context.support.AbstractApplicationContext.refresh(AbstractApplicationContext.java:621)
	at org.springframework.boot.web.servlet.context.ServletWebServerApplicationContext.refresh(ServletWebServerApplicationContext.java:146)
	at org.springframework.boot.SpringApplication.refresh(SpringApplication.java:752)
	at org.springframework.boot.SpringApplication.refreshContext(SpringApplication.java:439)
	at org.springframework.boot.SpringApplication.run(SpringApplication.java:318)
	at org.springframework.boot.SpringApplication.run(SpringApplication.java:1361)
	at org.springframework.boot.SpringApplication.run(SpringApplication.java:1350)
	at com.suivie_academique.suivie_academique.SuivieAcademiqueApplication.main(SuivieAcademiqueApplication.java:10)
	at java.base/jdk.internal.reflect.DirectMethodHandleAccessor.invoke(DirectMethodHandleAccessor.java:104)
	at java.base/java.lang.reflect.Method.invoke(Method.java:565)
	at org.springframework.boot.devtools.restart.RestartLauncher.run(RestartLauncher.java:50)
Caused by: java.sql.SQLSyntaxErrorException: Base 'suivie_academique' inconnue
	at com.mysql.cj.jdbc.exceptions.SQLError.createSQLException(SQLError.java:112)
	at com.mysql.cj.jdbc.exceptions.SQLExceptionsMapping.translateException(SQLExceptionsMapping.java:114)
	at com.mysql.cj.jdbc.ConnectionImpl.createNewIO(ConnectionImpl.java:839)
	at com.mysql.cj.jdbc.ConnectionImpl.<init>(ConnectionImpl.java:415)
	at com.mysql.cj.jdbc.ConnectionImpl.getInstance(ConnectionImpl.java:237)
	at com.mysql.cj.jdbc.NonRegisteringDriver.connect(NonRegisteringDriver.java:180)
	at com.zaxxer.hikari.util.DriverDataSource.getConnection(DriverDataSource.java:144)
	at com.zaxxer.hikari.pool.PoolBase.newConnection(PoolBase.java:370)
	at com.zaxxer.hikari.pool.PoolBase.newPoolEntry(PoolBase.java:207)
	at com.zaxxer.hikari.pool.HikariPool.createPoolEntry(HikariPool.java:488)
	at com.zaxxer.hikari.pool.HikariPool.checkFailFast(HikariPool.java:576)
	at com.zaxxer.hikari.pool.HikariPool.<init>(HikariPool.java:97)
	at com.zaxxer.hikari.HikariDataSource.getConnection(HikariDataSource.java:111)
	at org.hibernate.engine.jdbc.connections.internal.DatasourceConnectionProviderImpl.getConnection(DatasourceConnectionProviderImpl.java:126)
	at org.hibernate.engine.jdbc.env.internal.JdbcEnvironmentInitiator$ConnectionProviderJdbcConnectionAccess.obtainConnection(JdbcEnvironmentInitiator.java:485)
	at org.hibernate.resource.transaction.backend.jdbc.internal.JdbcIsolationDelegate.delegateWork(JdbcIsolationDelegate.java:61)
	... 122 common frames omitted
2025-12-16 16:25:51.702 WARN  [restartedMain] org.hibernate.orm.deprecation - HHH90000025: MySQLDialect does not need to be specified explicitly using 'hibernate.dialect' (remove the property setting and it will be selected by default)
2025-12-16 16:25:51.730 INFO  [restartedMain] o.hibernate.orm.connections.pooling - HHH10001005: Database info:
	Database JDBC URL [Connecting through datasource 'HikariDataSource (null)']
	Database driver: undefined/unknown
	Database version: 8.0
	Autocommit mode: undefined/unknown
	Isolation level: undefined/unknown
	Minimum pool size: undefined/unknown
	Maximum pool size: undefined/unknown
2025-12-16 16:25:52.739 WARN  [restartedMain] org.hibernate.mapping.RootClass - HHH000038: Composite-id class does not override equals(): com.suivie_academique.suivie_academique.entities.Affectationid
2025-12-16 16:25:52.739 WARN  [restartedMain] org.hibernate.mapping.RootClass - HHH000039: Composite-id class does not override hashCode(): com.suivie_academique.suivie_academique.entities.Affectationid
2025-12-16 16:25:57.696 INFO  [restartedMain] o.h.e.t.j.p.i.JtaPlatformInitiator - HHH000489: No JTA platform available (set 'hibernate.transaction.jta.platform' to enable JTA platform integration)
2025-12-16 16:25:58.250 INFO  [restartedMain] com.zaxxer.hikari.HikariDataSource - HikariPool-1 - Starting...
2025-12-16 16:25:59.840 WARN  [restartedMain] o.h.e.jdbc.spi.SqlExceptionHelper - SQL Error: 1049, SQLState: 42000
2025-12-16 16:25:59.841 ERROR [restartedMain] o.h.e.jdbc.spi.SqlExceptionHelper - Base 'suivie_academique' inconnue
2025-12-16 16:25:59.849 ERROR [restartedMain] o.s.o.j.LocalContainerEntityManagerFactoryBean - Failed to initialize JPA EntityManagerFactory: [PersistenceUnit: default] Unable to build Hibernate SessionFactory; nested exception is org.hibernate.exception.SQLGrammarException: Unable to open JDBC Connection for DDL execution [Base 'suivie_academique' inconnue] [n/a]
2025-12-16 16:25:59.852 ERROR [restartedMain] o.s.b.w.e.tomcat.TomcatStarter - Error starting Tomcat context. Exception: org.springframework.beans.factory.UnsatisfiedDependencyException. Message: Error creating bean with name 'jwtFilter' defined in file [C:\Users\Mc-kevin\Faux\EADL\DevAvnc\tp3\suivie_academique\target\classes\com\suivie_academique\suivie_academique\security\JwtFilter.class]: Unsatisfied dependency expressed through constructor parameter 1: Error creating bean with name 'personnelDetailsService' defined in file [C:\Users\Mc-kevin\Faux\EADL\DevAvnc\tp3\suivie_academique\target\classes\com\suivie_academique\suivie_academique\services\implementations\PersonnelDetailsService.class]: Unsatisfied dependency expressed through constructor parameter 0: Error creating bean with name 'personnelRepos' defined in com.suivie_academique.suivie_academique.repositories.PersonnelRepos defined in @EnableJpaRepositories declared on JpaRepositoriesRegistrar.EnableJpaRepositoriesConfiguration: Cannot resolve reference to bean 'jpaSharedEM_entityManagerFactory' while setting bean property 'entityManager'
2025-12-16 16:25:59.910 INFO  [restartedMain] o.a.catalina.core.StandardService - Stopping service [Tomcat]
2025-12-16 16:25:59.923 WARN  [restartedMain] o.s.b.w.s.c.AnnotationConfigServletWebServerApplicationContext - Exception encountered during context initialization - cancelling refresh attempt: org.springframework.context.ApplicationContextException: Unable to start web server
2025-12-16 16:25:59.952 INFO  [restartedMain] o.s.b.a.l.ConditionEvaluationReportLogger - 

Error starting ApplicationContext. To display the condition evaluation report re-run your application with 'debug' enabled.
2025-12-16 16:26:00.002 ERROR [restartedMain] o.s.boot.SpringApplication - Application run failed
org.springframework.context.ApplicationContextException: Unable to start web server
	at org.springframework.boot.web.servlet.context.ServletWebServerApplicationContext.onRefresh(ServletWebServerApplicationContext.java:170)
	at org.springframework.context.support.AbstractApplicationContext.refresh(AbstractApplicationContext.java:621)
	at org.springframework.boot.web.servlet.context.ServletWebServerApplicationContext.refresh(ServletWebServerApplicationContext.java:146)
	at org.springframework.boot.SpringApplication.refresh(SpringApplication.java:752)
	at org.springframework.boot.SpringApplication.refreshContext(SpringApplication.java:439)
	at org.springframework.boot.SpringApplication.run(SpringApplication.java:318)
	at org.springframework.boot.SpringApplication.run(SpringApplication.java:1361)
	at org.springframework.boot.SpringApplication.run(SpringApplication.java:1350)
	at com.suivie_academique.suivie_academique.SuivieAcademiqueApplication.main(SuivieAcademiqueApplication.java:10)
	at java.base/jdk.internal.reflect.DirectMethodHandleAccessor.invoke(DirectMethodHandleAccessor.java:104)
	at java.base/java.lang.reflect.Method.invoke(Method.java:565)
	at org.springframework.boot.devtools.restart.RestartLauncher.run(RestartLauncher.java:50)
Caused by: org.springframework.boot.web.server.WebServerException: Unable to start embedded Tomcat
	at org.springframework.boot.web.embedded.tomcat.TomcatWebServer.initialize(TomcatWebServer.java:147)
	at org.springframework.boot.web.embedded.tomcat.TomcatWebServer.<init>(TomcatWebServer.java:107)
	at org.springframework.boot.web.embedded.tomcat.TomcatServletWebServerFactory.getTomcatWebServer(TomcatServletWebServerFactory.java:517)
	at org.springframework.boot.web.embedded.tomcat.TomcatServletWebServerFactory.getWebServer(TomcatServletWebServerFactory.java:219)
	at org.springframework.boot.web.servlet.context.ServletWebServerApplicationContext.createWebServer(ServletWebServerApplicationContext.java:193)
	at org.springframework.boot.web.servlet.context.ServletWebServerApplicationContext.onRefresh(ServletWebServerApplicationContext.java:167)
	... 11 common frames omitted
Caused by: org.springframework.beans.factory.UnsatisfiedDependencyException: Error creating bean with name 'jwtFilter' defined in file [C:\Users\Mc-kevin\Faux\EADL\DevAvnc\tp3\suivie_academique\target\classes\com\suivie_academique\suivie_academique\security\JwtFilter.class]: Unsatisfied dependency expressed through constructor parameter 1: Error creating bean with name 'personnelDetailsService' defined in file [C:\Users\Mc-kevin\Faux\EADL\DevAvnc\tp3\suivie_academique\target\classes\com\suivie_academique\suivie_academique\services\implementations\PersonnelDetailsService.class]: Unsatisfied dependency expressed through constructor parameter 0: Error creating bean with name 'personnelRepos' defined in com.suivie_academique.suivie_academique.repositories.PersonnelRepos defined in @EnableJpaRepositories declared on JpaRepositoriesRegistrar.EnableJpaRepositoriesConfiguration: Cannot resolve reference to bean 'jpaSharedEM_entityManagerFactory' while setting bean property 'entityManager'
	at org.springframework.beans.factory.support.ConstructorResolver.createArgumentArray(ConstructorResolver.java:804)
	at org.springframework.beans.factory.support.ConstructorResolver.autowireConstructor(ConstructorResolver.java:240)
	at org.springframework.beans.factory.support.AbstractAutowireCapableBeanFactory.autowireConstructor(AbstractAutowireCapableBeanFactory.java:1395)
	at org.springframework.beans.factory.support.AbstractAutowireCapableBeanFactory.createBeanInstance(AbstractAutowireCapableBeanFactory.java:1232)
	at org.springframework.beans.factory.support.AbstractAutowireCapableBeanFactory.doCreateBean(AbstractAutowireCapableBeanFactory.java:569)
	at org.springframework.beans.factory.support.AbstractAutowireCapableBeanFactory.createBean(AbstractAutowireCapableBeanFactory.java:529)
	at org.springframework.beans.factory.support.AbstractBeanFactory.lambda$doGetBean$0(AbstractBeanFactory.java:339)
	at org.springframework.beans.factory.support.DefaultSingletonBeanRegistry.getSingleton(DefaultSingletonBeanRegistry.java:373)
	at org.springframework.beans.factory.support.AbstractBeanFactory.doGetBean(AbstractBeanFactory.java:337)
	at org.springframework.beans.factory.support.AbstractBeanFactory.getBean(AbstractBeanFactory.java:207)
	at org.springframework.boot.web.servlet.ServletContextInitializerBeans.getOrderedBeansOfType(ServletContextInitializerBeans.java:230)
	at org.springframework.boot.web.servlet.ServletContextInitializerBeans.addAsRegistrationBean(ServletContextInitializerBeans.java:184)
	at org.springframework.boot.web.servlet.ServletContextInitializerBeans.addAsRegistrationBean(ServletContextInitializerBeans.java:179)
	at org.springframework.boot.web.servlet.ServletContextInitializerBeans.addAdaptableBeans(ServletContextInitializerBeans.java:164)
	at org.springframework.boot.web.servlet.ServletContextInitializerBeans.<init>(ServletContextInitializerBeans.java:96)
	at org.springframework.boot.web.servlet.context.ServletWebServerApplicationContext.getServletContextInitializerBeans(ServletWebServerApplicationContext.java:271)
	at org.springframework.boot.web.servlet.context.ServletWebServerApplicationContext.selfInitialize(ServletWebServerApplicationContext.java:245)
	at org.springframework.boot.web.embedded.tomcat.TomcatStarter.onStartup(TomcatStarter.java:52)
	at org.apache.catalina.core.StandardContext.startInternal(StandardContext.java:4452)
	at org.apache.catalina.util.LifecycleBase.start(LifecycleBase.java:164)
	at org.apache.catalina.core.ContainerBase$StartChild.call(ContainerBase.java:1201)
	at org.apache.catalina.core.ContainerBase$StartChild.call(ContainerBase.java:1191)
	at java.base/java.util.concurrent.FutureTask.run(FutureTask.java:328)
	at org.apache.tomcat.util.threads.InlineExecutorService.execute(InlineExecutorService.java:81)
	at java.base/java.util.concurrent.AbstractExecutorService.submit(AbstractExecutorService.java:148)
	at org.apache.catalina.core.ContainerBase.startInternal(ContainerBase.java:747)
	at org.apache.catalina.core.StandardHost.startInternal(StandardHost.java:770)
	at org.apache.catalina.util.LifecycleBase.start(LifecycleBase.java:164)
	at org.apache.catalina.core.ContainerBase$StartChild.call(ContainerBase.java:1201)
	at org.apache.catalina.core.ContainerBase$StartChild.call(ContainerBase.java:1191)
	at java.base/java.util.concurrent.FutureTask.run(FutureTask.java:328)
	at org.apache.tomcat.util.threads.InlineExecutorService.execute(InlineExecutorService.java:81)
	at java.base/java.util.concurrent.AbstractExecutorService.submit(AbstractExecutorService.java:148)
	at org.apache.catalina.core.ContainerBase.startInternal(ContainerBase.java:747)
	at org.apache.catalina.core.StandardEngine.startInternal(StandardEngine.java:201)
	at org.apache.catalina.util.LifecycleBase.start(LifecycleBase.java:164)
	at org.apache.catalina.core.StandardService.startInternal(StandardService.java:410)
	at org.apache.catalina.util.LifecycleBase.start(LifecycleBase.java:164)
	at org.apache.catalina.core.StandardServer.startInternal(StandardServer.java:868)
	at org.apache.catalina.util.LifecycleBase.start(LifecycleBase.java:164)
	at org.apache.catalina.startup.Tomcat.start(Tomcat.java:436)
	at org.springframework.boot.web.embedded.tomcat.TomcatWebServer.initialize(TomcatWebServer.java:128)
	... 16 common frames omitted
Caused by: org.springframework.beans.factory.UnsatisfiedDependencyException: Error creating bean with name 'personnelDetailsService' defined in file [C:\Users\Mc-kevin\Faux\EADL\DevAvnc\tp3\suivie_academique\target\classes\com\suivie_academique\suivie_academique\services\implementations\PersonnelDetailsService.class]: Unsatisfied dependency expressed through constructor parameter 0: Error creating bean with name 'personnelRepos' defined in com.suivie_academique.suivie_academique.repositories.PersonnelRepos defined in @EnableJpaRepositories declared on JpaRepositoriesRegistrar.EnableJpaRepositoriesConfiguration: Cannot resolve reference to bean 'jpaSharedEM_entityManagerFactory' while setting bean property 'entityManager'
	at org.springframework.beans.factory.support.ConstructorResolver.createArgumentArray(ConstructorResolver.java:804)
	at org.springframework.beans.factory.support.ConstructorResolver.autowireConstructor(ConstructorResolver.java:240)
	at org.springframework.beans.factory.support.AbstractAutowireCapableBeanFactory.autowireConstructor(AbstractAutowireCapableBeanFactory.java:1395)
	at org.springframework.beans.factory.support.AbstractAutowireCapableBeanFactory.createBeanInstance(AbstractAutowireCapableBeanFactory.java:1232)
	at org.springframework.beans.factory.support.AbstractAutowireCapableBeanFactory.doCreateBean(AbstractAutowireCapableBeanFactory.java:569)
	at org.springframework.beans.factory.support.AbstractAutowireCapableBeanFactory.createBean(AbstractAutowireCapableBeanFactory.java:529)
	at org.springframework.beans.factory.support.AbstractBeanFactory.lambda$doGetBean$0(AbstractBeanFactory.java:339)
	at org.springframework.beans.factory.support.DefaultSingletonBeanRegistry.getSingleton(DefaultSingletonBeanRegistry.java:373)
	at org.springframework.beans.factory.support.AbstractBeanFactory.doGetBean(AbstractBeanFactory.java:337)
	at org.springframework.beans.factory.support.AbstractBeanFactory.getBean(AbstractBeanFactory.java:202)
	at org.springframework.beans.factory.support.DefaultListableBeanFactory.doResolveDependency(DefaultListableBeanFactory.java:1708)
	at org.springframework.beans.factory.support.DefaultListableBeanFactory.resolveDependency(DefaultListableBeanFactory.java:1653)
	at org.springframework.beans.factory.support.ConstructorResolver.resolveAutowiredArgument(ConstructorResolver.java:913)
	at org.springframework.beans.factory.support.ConstructorResolver.createArgumentArray(ConstructorResolver.java:791)
	... 57 common frames omitted
Caused by: org.springframework.beans.factory.BeanCreationException: Error creating bean with name 'personnelRepos' defined in com.suivie_academique.suivie_academique.repositories.PersonnelRepos defined in @EnableJpaRepositories declared on JpaRepositoriesRegistrar.EnableJpaRepositoriesConfiguration: Cannot resolve reference to bean 'jpaSharedEM_entityManagerFactory' while setting bean property 'entityManager'
	at org.springframework.beans.factory.support.BeanDefinitionValueResolver.resolveReference(BeanDefinitionValueResolver.java:377)
	at org.springframework.beans.factory.support.BeanDefinitionValueResolver.resolveValueIfNecessary(BeanDefinitionValueResolver.java:135)
	at org.springframework.beans.factory.support.AbstractAutowireCapableBeanFactory.applyPropertyValues(AbstractAutowireCapableBeanFactory.java:1725)
	at org.springframework.beans.factory.support.AbstractAutowireCapableBeanFactory.populateBean(AbstractAutowireCapableBeanFactory.java:1474)
	at org.springframework.beans.factory.support.AbstractAutowireCapableBeanFactory.doCreateBean(AbstractAutowireCapableBeanFactory.java:606)
	at org.springframework.beans.factory.support.AbstractAutowireCapableBeanFactory.createBean(AbstractAutowireCapableBeanFactory.java:529)
	at org.springframework.beans.factory.support.AbstractBeanFactory.lambda$doGetBean$0(AbstractBeanFactory.java:339)
	at org.springframework.beans.factory.support.DefaultSingletonBeanRegistry.getSingleton(DefaultSingletonBeanRegistry.java:373)
	at org.springframework.beans.factory.support.AbstractBeanFactory.doGetBean(AbstractBeanFactory.java:337)
	at org.springframework.beans.factory.support.AbstractBeanFactory.getBean(AbstractBeanFactory.java:202)
	at org.springframework.beans.factory.support.DefaultListableBeanFactory.doResolveDependency(DefaultListableBeanFactory.java:1708)
	at org.springframework.beans.factory.support.DefaultListableBeanFactory.resolveDependency(DefaultListableBeanFactory.java:1653)
	at org.springframework.beans.factory.support.ConstructorResolver.resolveAutowiredArgument(ConstructorResolver.java:913)
	at org.springframework.beans.factory.support.ConstructorResolver.createArgumentArray(ConstructorResolver.java:791)
	... 70 common frames omitted
Caused by: org.springframework.beans.factory.BeanCreationException: Error creating bean with name 'jpaSharedEM_entityManagerFactory': Cannot resolve reference to bean 'entityManagerFactory' while setting constructor argument
	at org.springframework.beans.factory.support.BeanDefinitionValueResolver.resolveReference(BeanDefinitionValueResolver.java:377)
	at org.springframework.beans.factory.support.BeanDefinitionValueResolver.resolveValueIfNecessary(BeanDefinitionValueResolver.java:135)
	at org.springframework.beans.factory.support.ConstructorResolver.resolveConstructorArguments(ConstructorResolver.java:691)
	at org.springframework.beans.factory.support.ConstructorResolver.instantiateUsingFactoryMethod(ConstructorResolver.java:513)
	at org.springframework.beans.factory.support.AbstractAutowireCapableBeanFactory.instantiateUsingFactoryMethod(AbstractAutowireCapableBeanFactory.java:1375)
	at org.springframework.beans.factory.support.AbstractAutowireCapableBeanFactory.createBeanInstance(AbstractAutowireCapableBeanFactory.java:1205)
	at org.springframework.beans.factory.support.AbstractAutowireCapableBeanFactory.doCreateBean(AbstractAutowireCapableBeanFactory.java:569)
	at org.springframework.beans.factory.support.AbstractAutowireCapableBeanFactory.createBean(AbstractAutowireCapableBeanFactory.java:529)
	at org.springframework.beans.factory.support.AbstractBeanFactory.lambda$doGetBean$0(AbstractBeanFactory.java:339)
	at org.springframework.beans.factory.support.DefaultSingletonBeanRegistry.getSingleton(DefaultSingletonBeanRegistry.java:373)
	at org.springframework.beans.factory.support.AbstractBeanFactory.doGetBean(AbstractBeanFactory.java:337)
	at org.springframework.beans.factory.support.AbstractBeanFactory.getBean(AbstractBeanFactory.java:202)
	at org.springframework.beans.factory.support.BeanDefinitionValueResolver.resolveReference(BeanDefinitionValueResolver.java:365)
	... 83 common frames omitted
Caused by: org.springframework.beans.factory.BeanCreationException: Error creating bean with name 'entityManagerFactory' defined in class path resource [org/springframework/boot/autoconfigure/orm/jpa/HibernateJpaConfiguration.class]: [PersistenceUnit: default] Unable to build Hibernate SessionFactory; nested exception is org.hibernate.exception.SQLGrammarException: Unable to open JDBC Connection for DDL execution [Base 'suivie_academique' inconnue] [n/a]
	at org.springframework.beans.factory.support.AbstractAutowireCapableBeanFactory.initializeBean(AbstractAutowireCapableBeanFactory.java:1826)
	at org.springframework.beans.factory.support.AbstractAutowireCapableBeanFactory.doCreateBean(AbstractAutowireCapableBeanFactory.java:607)
	at org.springframework.beans.factory.support.AbstractAutowireCapableBeanFactory.createBean(AbstractAutowireCapableBeanFactory.java:529)
	at org.springframework.beans.factory.support.AbstractBeanFactory.lambda$doGetBean$0(AbstractBeanFactory.java:339)
	at org.springframework.beans.factory.support.DefaultSingletonBeanRegistry.getSingleton(DefaultSingletonBeanRegistry.java:373)
	at org.springframework.beans.factory.support.AbstractBeanFactory.doGetBean(AbstractBeanFactory.java:337)
	at org.springframework.beans.factory.support.AbstractBeanFactory.getBean(AbstractBeanFactory.java:202)
	at org.springframework.beans.factory.support.BeanDefinitionValueResolver.resolveReference(BeanDefinitionValueResolver.java:365)
	... 95 common frames omitted
Caused by: jakarta.persistence.PersistenceException: [PersistenceUnit: default] Unable to build Hibernate SessionFactory; nested exception is org.hibernate.exception.SQLGrammarException: Unable to open JDBC Connection for DDL execution [Base 'suivie_academique' inconnue] [n/a]
	at org.springframework.orm.jpa.AbstractEntityManagerFactoryBean.buildNativeEntityManagerFactory(AbstractEntityManagerFactoryBean.java:431)
	at org.springframework.orm.jpa.AbstractEntityManagerFactoryBean.afterPropertiesSet(AbstractEntityManagerFactoryBean.java:400)
	at org.springframework.orm.jpa.LocalContainerEntityManagerFactoryBean.afterPropertiesSet(LocalContainerEntityManagerFactoryBean.java:366)
	at org.springframework.beans.factory.support.AbstractAutowireCapableBeanFactory.invokeInitMethods(AbstractAutowireCapableBeanFactory.java:1873)
	at org.springframework.beans.factory.support.AbstractAutowireCapableBeanFactory.initializeBean(AbstractAutowireCapableBeanFactory.java:1822)
	... 102 common frames omitted
Caused by: org.hibernate.exception.SQLGrammarException: Unable to open JDBC Connection for DDL execution [Base 'suivie_academique' inconnue] [n/a]
	at org.hibernate.exception.internal.SQLExceptionTypeDelegate.convert(SQLExceptionTypeDelegate.java:66)
	at org.hibernate.exception.internal.StandardSQLExceptionConverter.convert(StandardSQLExceptionConverter.java:58)
	at org.hibernate.engine.jdbc.spi.SqlExceptionHelper.convert(SqlExceptionHelper.java:108)
	at org.hibernate.engine.jdbc.spi.SqlExceptionHelper.convert(SqlExceptionHelper.java:94)
	at org.hibernate.resource.transaction.backend.jdbc.internal.DdlTransactionIsolatorNonJtaImpl.getIsolatedConnection(DdlTransactionIsolatorNonJtaImpl.java:74)
	at org.hibernate.resource.transaction.backend.jdbc.internal.DdlTransactionIsolatorNonJtaImpl.getIsolatedConnection(DdlTransactionIsolatorNonJtaImpl.java:39)
	at org.hibernate.tool.schema.internal.exec.ImprovedExtractionContextImpl.getJdbcConnection(ImprovedExtractionContextImpl.java:63)
	at org.hibernate.tool.schema.internal.exec.ImprovedExtractionContextImpl.getJdbcDatabaseMetaData(ImprovedExtractionContextImpl.java:70)
	at org.hibernate.tool.schema.extract.internal.InformationExtractorJdbcDatabaseMetaDataImpl.processTableResultSet(InformationExtractorJdbcDatabaseMetaDataImpl.java:65)
	at org.hibernate.tool.schema.extract.internal.AbstractInformationExtractorImpl.getTables(AbstractInformationExtractorImpl.java:570)
	at org.hibernate.tool.schema.extract.internal.DatabaseInformationImpl.getTablesInformation(DatabaseInformationImpl.java:122)
	at org.hibernate.tool.schema.internal.GroupedSchemaMigratorImpl.performTablesMigration(GroupedSchemaMigratorImpl.java:72)
	at org.hibernate.tool.schema.internal.AbstractSchemaMigrator.performMigration(AbstractSchemaMigrator.java:233)
	at org.hibernate.tool.schema.internal.AbstractSchemaMigrator.doMigration(AbstractSchemaMigrator.java:112)
	at org.hibernate.tool.schema.spi.SchemaManagementToolCoordinator.performDatabaseAction(SchemaManagementToolCoordinator.java:280)
	at org.hibernate.tool.schema.spi.SchemaManagementToolCoordinator.lambda$process$5(SchemaManagementToolCoordinator.java:144)
	at java.base/java.util.HashMap.forEach(HashMap.java:1430)
	at org.hibernate.tool.schema.spi.SchemaManagementToolCoordinator.process(SchemaManagementToolCoordinator.java:141)
	at org.hibernate.boot.internal.SessionFactoryObserverForSchemaExport.sessionFactoryCreated(SessionFactoryObserverForSchemaExport.java:37)
	at org.hibernate.internal.SessionFactoryObserverChain.sessionFactoryCreated(SessionFactoryObserverChain.java:35)
	at org.hibernate.internal.SessionFactoryImpl.<init>(SessionFactoryImpl.java:324)
	at org.hibernate.boot.internal.SessionFactoryBuilderImpl.build(SessionFactoryBuilderImpl.java:463)
	at org.hibernate.jpa.boot.internal.EntityManagerFactoryBuilderImpl.build(EntityManagerFactoryBuilderImpl.java:1517)
	at org.springframework.orm.jpa.vendor.SpringHibernateJpaPersistenceProvider.createContainerEntityManagerFactory(SpringHibernateJpaPersistenceProvider.java:66)
	at org.springframework.orm.jpa.LocalContainerEntityManagerFactoryBean.createNativeEntityManagerFactory(LocalContainerEntityManagerFactoryBean.java:390)
	at org.springframework.orm.jpa.AbstractEntityManagerFactoryBean.buildNativeEntityManagerFactory(AbstractEntityManagerFactoryBean.java:419)
	... 106 common frames omitted
Caused by: java.sql.SQLSyntaxErrorException: Base 'suivie_academique' inconnue
	at com.mysql.cj.jdbc.exceptions.SQLError.createSQLException(SQLError.java:112)
	at com.mysql.cj.jdbc.exceptions.SQLExceptionsMapping.translateException(SQLExceptionsMapping.java:114)
	at com.mysql.cj.jdbc.ConnectionImpl.createNewIO(ConnectionImpl.java:839)
	at com.mysql.cj.jdbc.ConnectionImpl.<init>(ConnectionImpl.java:415)
	at com.mysql.cj.jdbc.ConnectionImpl.getInstance(ConnectionImpl.java:237)
	at com.mysql.cj.jdbc.NonRegisteringDriver.connect(NonRegisteringDriver.java:180)
	at com.zaxxer.hikari.util.DriverDataSource.getConnection(DriverDataSource.java:144)
	at com.zaxxer.hikari.pool.PoolBase.newConnection(PoolBase.java:370)
	at com.zaxxer.hikari.pool.PoolBase.newPoolEntry(PoolBase.java:207)
	at com.zaxxer.hikari.pool.HikariPool.createPoolEntry(HikariPool.java:488)
	at com.zaxxer.hikari.pool.HikariPool.checkFailFast(HikariPool.java:576)
	at com.zaxxer.hikari.pool.HikariPool.<init>(HikariPool.java:97)
	at com.zaxxer.hikari.HikariDataSource.getConnection(HikariDataSource.java:111)
	at org.hibernate.engine.jdbc.connections.internal.DatasourceConnectionProviderImpl.getConnection(DatasourceConnectionProviderImpl.java:126)
	at org.hibernate.engine.jdbc.env.internal.JdbcEnvironmentInitiator$ConnectionProviderJdbcConnectionAccess.obtainConnection(JdbcEnvironmentInitiator.java:485)
	at org.hibernate.resource.transaction.backend.jdbc.internal.DdlTransactionIsolatorNonJtaImpl.getIsolatedConnection(DdlTransactionIsolatorNonJtaImpl.java:46)
	... 127 common frames omitted
2025-12-16 16:29:54.845 INFO  [background-preinit] o.h.validator.internal.util.Version - HV000001: Hibernate Validator 8.0.3.Final
2025-12-16 16:29:54.963 INFO  [restartedMain] c.s.s.SuivieAcademiqueApplication - Starting SuivieAcademiqueApplication using Java 24.0.1 with PID 5592 (C:\Users\Mc-kevin\Faux\EADL\DevAvnc\tp3\suivie_academique\target\classes started by Mc-kevin in C:\Users\Mc-kevin\Faux\EADL\DevAvnc\tp3\suivie_academique)
2025-12-16 16:29:54.964 DEBUG [restartedMain] c.s.s.SuivieAcademiqueApplication - Running with Spring Boot v3.5.7, Spring v6.2.12
2025-12-16 16:29:54.966 INFO  [restartedMain] c.s.s.SuivieAcademiqueApplication - No active profile set, falling back to 1 default profile: "default"
2025-12-16 16:29:55.120 INFO  [restartedMain] o.s.b.d.e.DevToolsPropertyDefaultsPostProcessor - Devtools property defaults active! Set 'spring.devtools.add-properties' to 'false' to disable
2025-12-16 16:29:55.120 INFO  [restartedMain] o.s.b.d.e.DevToolsPropertyDefaultsPostProcessor - For additional web related logging consider setting the 'logging.level.web' property to 'DEBUG'
2025-12-16 16:29:58.484 INFO  [restartedMain] o.s.d.r.c.RepositoryConfigurationDelegate - Bootstrapping Spring Data JPA repositories in DEFAULT mode.
2025-12-16 16:29:58.746 INFO  [restartedMain] o.s.d.r.c.RepositoryConfigurationDelegate - Finished Spring Data repository scanning in 235 ms. Found 6 JPA repository interfaces.
2025-12-16 16:30:01.004 INFO  [restartedMain] o.s.b.w.e.tomcat.TomcatWebServer - Tomcat initialized with port 5002 (http)
2025-12-16 16:30:01.041 INFO  [restartedMain] o.a.coyote.http11.Http11NioProtocol - Initializing ProtocolHandler ["http-nio-5002"]
2025-12-16 16:30:01.047 INFO  [restartedMain] o.a.catalina.core.StandardService - Starting service [Tomcat]
2025-12-16 16:30:01.049 INFO  [restartedMain] o.a.catalina.core.StandardEngine - Starting Servlet engine: [Apache Tomcat/10.1.48]
2025-12-16 16:30:01.211 INFO  [restartedMain] o.a.c.c.C.[Tomcat].[localhost].[/] - Initializing Spring embedded WebApplicationContext
2025-12-16 16:30:01.214 INFO  [restartedMain] o.s.b.w.s.c.ServletWebServerApplicationContext - Root WebApplicationContext: initialization completed in 6091 ms
2025-12-16 16:30:02.211 INFO  [restartedMain] o.h.jpa.internal.util.LogHelper - HHH000204: Processing PersistenceUnitInfo [name: default]
2025-12-16 16:30:02.359 INFO  [restartedMain] org.hibernate.Version - HHH000412: Hibernate ORM core version 6.6.33.Final
2025-12-16 16:30:02.452 INFO  [restartedMain] o.h.c.i.RegionFactoryInitiator - HHH000026: Second-level cache disabled
2025-12-16 16:30:03.269 INFO  [restartedMain] o.s.o.j.p.SpringPersistenceUnitInfo - No LoadTimeWeaver setup: ignoring JPA class transformer
2025-12-16 16:30:03.350 INFO  [restartedMain] com.zaxxer.hikari.HikariDataSource - HikariPool-1 - Starting...
2025-12-16 16:30:04.504 INFO  [restartedMain] com.zaxxer.hikari.pool.HikariPool - HikariPool-1 - Added connection com.mysql.cj.jdbc.ConnectionImpl@1b739096
2025-12-16 16:30:04.508 INFO  [restartedMain] com.zaxxer.hikari.HikariDataSource - HikariPool-1 - Start completed.
2025-12-16 16:30:04.660 WARN  [restartedMain] org.hibernate.orm.deprecation - HHH90000025: MySQLDialect does not need to be specified explicitly using 'hibernate.dialect' (remove the property setting and it will be selected by default)
2025-12-16 16:30:04.719 INFO  [restartedMain] o.hibernate.orm.connections.pooling - HHH10001005: Database info:
	Database JDBC URL [Connecting through datasource 'HikariDataSource (HikariPool-1)']
	Database driver: undefined/unknown
	Database version: 9.1
	Autocommit mode: undefined/unknown
	Isolation level: undefined/unknown
	Minimum pool size: undefined/unknown
	Maximum pool size: undefined/unknown
2025-12-16 16:30:05.750 WARN  [restartedMain] org.hibernate.mapping.RootClass - HHH000038: Composite-id class does not override equals(): com.suivie_academique.suivie_academique.entities.Affectationid
2025-12-16 16:30:05.750 WARN  [restartedMain] org.hibernate.mapping.RootClass - HHH000039: Composite-id class does not override hashCode(): com.suivie_academique.suivie_academique.entities.Affectationid
2025-12-16 16:30:07.407 INFO  [restartedMain] o.h.e.t.j.p.i.JtaPlatformInitiator - HHH000489: No JTA platform available (set 'hibernate.transaction.jta.platform' to enable JTA platform integration)
2025-12-16 16:30:07.561 DEBUG [restartedMain] org.hibernate.SQL - create table affectation (code_cours varchar(255) not null, code_personnel varchar(255) not null, primary key (code_cours, code_personnel)) engine=InnoDB
2025-12-16 16:30:07.677 DEBUG [restartedMain] org.hibernate.SQL - create table cours (code_cours varchar(255) not null, desc_cours varchar(255), label_cours varchar(255) not null, nb_credit_cours integer not null, nb_heure_cours integer not null, statu_salle enum ('FERMER','LIBRE','OCCUPE') not null, primary key (code_cours)) engine=InnoDB
2025-12-16 16:30:07.723 DEBUG [restartedMain] org.hibernate.SQL - create table log_action (id bigint not null auto_increment, acteur varchar(255), action varchar(255), date datetime(6), description varchar(255), primary key (id)) engine=InnoDB
2025-12-16 16:30:07.785 DEBUG [restartedMain] org.hibernate.SQL - create table personnel (code_personnel varchar(255) not null, desc_cours varchar(255), login_personnel varchar(255) not null, nom_personnel varchar(255) not null, phone_personnel varchar(255) not null, pwd_personnel varchar(255) not null, role_personnel enum ('ENSEIGNANT','RESPONSSABLE_DICIPLINE','RESPONSSALE_ACCADEMIQUE') not null, sexe_personnel char(1) not null, primary key (code_personnel)) engine=InnoDB
2025-12-16 16:30:07.827 DEBUG [restartedMain] org.hibernate.SQL - create table programmation (code_programmation integer not null auto_increment, date_programmation datetime(6) not null, debut_programmation datetime(6) not null, fin_programmation datetime(6) not null, nbre_heure_programmation integer not null, statut_programmation tinyint not null check (statut_programmation between 0 and 2), code_cours varchar(255), code_personnel_prog varchar(255), code_personnel_val varchar(255), code_salle varchar(255), primary key (code_programmation)) engine=InnoDB
2025-12-16 16:30:07.882 DEBUG [restartedMain] org.hibernate.SQL - create table salle (code_salle varchar(255) not null, contenance integer not null, desc_salle varchar(255), status_salle enum ('FERMER','LIBRE','OCCUPE') not null, primary key (code_salle)) engine=InnoDB
2025-12-16 16:30:07.933 DEBUG [restartedMain] org.hibernate.SQL - alter table affectation add constraint FKh9ihr1xhavslkiabtetvbkxii foreign key (code_cours) references cours (code_cours)
2025-12-16 16:30:08.063 DEBUG [restartedMain] org.hibernate.SQL - alter table affectation add constraint FKt941hwqldvsfcfwpgdx87s3yc foreign key (code_personnel) references personnel (code_personnel)
2025-12-16 16:30:08.330 DEBUG [restartedMain] org.hibernate.SQL - alter table programmation add constraint FKl399jftpsqgmf4ds7r6t9drdb foreign key (code_cours) references cours (code_cours)
2025-12-16 16:30:08.474 DEBUG [restartedMain] org.hibernate.SQL - alter table programmation add constraint FK4iiq8v4eqbv19udenyv8oyhla foreign key (code_personnel_prog) references personnel (code_personnel)
2025-12-16 16:30:08.755 DEBUG [restartedMain] org.hibernate.SQL - alter table programmation add constraint FK6rx1jwh5dsv0317qf5mpjx2pm foreign key (code_personnel_val) references personnel (code_personnel)
2025-12-16 16:30:08.956 DEBUG [restartedMain] org.hibernate.SQL - alter table programmation add constraint FKn3n8q8k12ve2vd0hefngjw3tq foreign key (code_salle) references salle (code_salle)
2025-12-16 16:30:09.138 INFO  [restartedMain] o.s.o.j.LocalContainerEntityManagerFactoryBean - Initialized JPA EntityManagerFactory for persistence unit 'default'
2025-12-16 16:30:13.212 INFO  [restartedMain] o.s.d.j.r.query.QueryEnhancerFactory - Hibernate is in classpath; If applicable, HQL parser will be used.
2025-12-16 16:30:15.366 DEBUG [restartedMain] c.s.s.security.JwtFilter - Filter 'jwtFilter' configured for use
2025-12-16 16:30:15.748 INFO  [restartedMain] o.s.s.c.a.a.c.InitializeUserDetailsBeanManagerConfigurer$InitializeUserDetailsManagerConfigurer - Global AuthenticationManager configured with UserDetailsService bean with name personnelDetailsService
2025-12-16 16:30:16.551 WARN  [restartedMain] o.s.b.a.o.j.JpaBaseConfiguration$JpaWebConfiguration - spring.jpa.open-in-view is enabled by default. Therefore, database queries may be performed during view rendering. Explicitly configure spring.jpa.open-in-view to disable this warning
2025-12-16 16:30:17.890 INFO  [restartedMain] o.s.b.a.e.web.EndpointLinksResolver - Exposing 1 endpoint beneath base path '/actuator'
2025-12-16 16:30:20.225 INFO  [restartedMain] o.s.b.d.a.OptionalLiveReloadServer - LiveReload server is running on port 35729
2025-12-16 16:30:20.410 INFO  [restartedMain] o.a.coyote.http11.Http11NioProtocol - Starting ProtocolHandler ["http-nio-5002"]
2025-12-16 16:30:20.459 INFO  [restartedMain] o.s.b.w.e.tomcat.TomcatWebServer - Tomcat started on port 5002 (http) with context path '/'
2025-12-16 16:30:20.498 INFO  [restartedMain] c.s.s.SuivieAcademiqueApplication - Started SuivieAcademiqueApplication in 27.749 seconds (process running for 31.646)
2025-12-16 16:33:11.379 INFO  [http-nio-5002-exec-1] o.a.c.c.C.[Tomcat].[localhost].[/] - Initializing Spring DispatcherServlet 'dispatcherServlet'
2025-12-16 16:33:12.279 INFO  [http-nio-5002-exec-1] o.s.web.servlet.DispatcherServlet - Initializing Servlet 'dispatcherServlet'
2025-12-16 16:33:12.592 INFO  [http-nio-5002-exec-1] o.s.web.servlet.DispatcherServlet - Completed initialization in 304 ms
2025-12-16 16:35:02.747 INFO  [SpringApplicationShutdownHook] o.s.b.w.e.tomcat.GracefulShutdown - Commencing graceful shutdown. Waiting for active requests to complete
2025-12-16 16:35:02.805 INFO  [tomcat-shutdown] o.s.b.w.e.tomcat.GracefulShutdown - Graceful shutdown complete
2025-12-16 16:35:02.901 INFO  [SpringApplicationShutdownHook] o.s.o.j.LocalContainerEntityManagerFactoryBean - Closing JPA EntityManagerFactory for persistence unit 'default'
2025-12-16 16:35:02.999 INFO  [SpringApplicationShutdownHook] com.zaxxer.hikari.HikariDataSource - HikariPool-1 - Shutdown initiated...
2025-12-16 16:35:03.064 INFO  [SpringApplicationShutdownHook] com.zaxxer.hikari.HikariDataSource - HikariPool-1 - Shutdown completed.
2025-12-16 16:35:19.687 INFO  [background-preinit] o.h.validator.internal.util.Version - HV000001: Hibernate Validator 8.0.3.Final
2025-12-16 16:35:19.802 INFO  [restartedMain] c.s.s.SuivieAcademiqueApplication - Starting SuivieAcademiqueApplication using Java 24.0.1 with PID 15000 (C:\Users\Mc-kevin\Faux\EADL\DevAvnc\tp3\suivie_academique\target\classes started by Mc-kevin in C:\Users\Mc-kevin\Faux\EADL\DevAvnc\tp3\suivie_academique)
2025-12-16 16:35:19.804 DEBUG [restartedMain] c.s.s.SuivieAcademiqueApplication - Running with Spring Boot v3.5.7, Spring v6.2.12
2025-12-16 16:35:19.805 INFO  [restartedMain] c.s.s.SuivieAcademiqueApplication - No active profile set, falling back to 1 default profile: "default"
2025-12-16 16:35:19.969 INFO  [restartedMain] o.s.b.d.e.DevToolsPropertyDefaultsPostProcessor - Devtools property defaults active! Set 'spring.devtools.add-properties' to 'false' to disable
2025-12-16 16:35:19.970 INFO  [restartedMain] o.s.b.d.e.DevToolsPropertyDefaultsPostProcessor - For additional web related logging consider setting the 'logging.level.web' property to 'DEBUG'
2025-12-16 16:35:23.079 INFO  [restartedMain] o.s.d.r.c.RepositoryConfigurationDelegate - Bootstrapping Spring Data JPA repositories in DEFAULT mode.
2025-12-16 16:35:23.275 INFO  [restartedMain] o.s.d.r.c.RepositoryConfigurationDelegate - Finished Spring Data repository scanning in 175 ms. Found 6 JPA repository interfaces.
2025-12-16 16:35:25.431 INFO  [restartedMain] o.s.b.w.e.tomcat.TomcatWebServer - Tomcat initialized with port 5002 (http)
2025-12-16 16:35:25.461 INFO  [restartedMain] o.a.coyote.http11.Http11NioProtocol - Initializing ProtocolHandler ["http-nio-5002"]
2025-12-16 16:35:25.466 INFO  [restartedMain] o.a.catalina.core.StandardService - Starting service [Tomcat]
2025-12-16 16:35:25.466 INFO  [restartedMain] o.a.catalina.core.StandardEngine - Starting Servlet engine: [Apache Tomcat/10.1.48]
2025-12-16 16:35:25.597 INFO  [restartedMain] o.a.c.c.C.[Tomcat].[localhost].[/] - Initializing Spring embedded WebApplicationContext
2025-12-16 16:35:25.598 INFO  [restartedMain] o.s.b.w.s.c.ServletWebServerApplicationContext - Root WebApplicationContext: initialization completed in 5627 ms
2025-12-16 16:35:26.501 INFO  [restartedMain] o.h.jpa.internal.util.LogHelper - HHH000204: Processing PersistenceUnitInfo [name: default]
2025-12-16 16:35:26.660 INFO  [restartedMain] org.hibernate.Version - HHH000412: Hibernate ORM core version 6.6.33.Final
2025-12-16 16:35:26.832 INFO  [restartedMain] o.h.c.i.RegionFactoryInitiator - HHH000026: Second-level cache disabled
2025-12-16 16:35:27.709 INFO  [restartedMain] o.s.o.j.p.SpringPersistenceUnitInfo - No LoadTimeWeaver setup: ignoring JPA class transformer
2025-12-16 16:35:27.813 INFO  [restartedMain] com.zaxxer.hikari.HikariDataSource - HikariPool-1 - Starting...
2025-12-16 16:35:30.659 INFO  [restartedMain] com.zaxxer.hikari.pool.HikariPool - HikariPool-1 - Added connection com.mysql.cj.jdbc.ConnectionImpl@73a8aca9
2025-12-16 16:35:30.664 INFO  [restartedMain] com.zaxxer.hikari.HikariDataSource - HikariPool-1 - Start completed.
2025-12-16 16:35:30.843 WARN  [restartedMain] org.hibernate.orm.deprecation - HHH90000025: MySQLDialect does not need to be specified explicitly using 'hibernate.dialect' (remove the property setting and it will be selected by default)
2025-12-16 16:35:30.903 INFO  [restartedMain] o.hibernate.orm.connections.pooling - HHH10001005: Database info:
	Database JDBC URL [Connecting through datasource 'HikariDataSource (HikariPool-1)']
	Database driver: undefined/unknown
	Database version: 9.1
	Autocommit mode: undefined/unknown
	Isolation level: undefined/unknown
	Minimum pool size: undefined/unknown
	Maximum pool size: undefined/unknown
2025-12-16 16:35:31.975 WARN  [restartedMain] org.hibernate.mapping.RootClass - HHH000038: Composite-id class does not override equals(): com.suivie_academique.suivie_academique.entities.Affectationid
2025-12-16 16:35:31.975 WARN  [restartedMain] org.hibernate.mapping.RootClass - HHH000039: Composite-id class does not override hashCode(): com.suivie_academique.suivie_academique.entities.Affectationid
2025-12-16 16:35:34.297 INFO  [restartedMain] o.h.e.t.j.p.i.JtaPlatformInitiator - HHH000489: No JTA platform available (set 'hibernate.transaction.jta.platform' to enable JTA platform integration)
2025-12-16 16:35:34.704 INFO  [restartedMain] o.s.o.j.LocalContainerEntityManagerFactoryBean - Initialized JPA EntityManagerFactory for persistence unit 'default'
2025-12-16 16:35:37.104 INFO  [restartedMain] o.s.d.j.r.query.QueryEnhancerFactory - Hibernate is in classpath; If applicable, HQL parser will be used.
2025-12-16 16:35:38.915 DEBUG [restartedMain] c.s.s.security.JwtFilter - Filter 'jwtFilter' configured for use
2025-12-16 16:35:39.355 INFO  [restartedMain] o.s.s.c.a.a.c.InitializeUserDetailsBeanManagerConfigurer$InitializeUserDetailsManagerConfigurer - Global AuthenticationManager configured with UserDetailsService bean with name personnelDetailsService
2025-12-16 16:35:40.295 WARN  [restartedMain] o.s.b.a.o.j.JpaBaseConfiguration$JpaWebConfiguration - spring.jpa.open-in-view is enabled by default. Therefore, database queries may be performed during view rendering. Explicitly configure spring.jpa.open-in-view to disable this warning
2025-12-16 16:35:41.707 INFO  [restartedMain] o.s.b.a.e.web.EndpointLinksResolver - Exposing 1 endpoint beneath base path '/actuator'
2025-12-16 16:35:43.722 INFO  [restartedMain] o.s.b.d.a.OptionalLiveReloadServer - LiveReload server is running on port 35729
2025-12-16 16:35:43.882 INFO  [restartedMain] o.a.coyote.http11.Http11NioProtocol - Starting ProtocolHandler ["http-nio-5002"]
2025-12-16 16:35:43.929 INFO  [restartedMain] o.s.b.w.e.tomcat.TomcatWebServer - Tomcat started on port 5002 (http) with context path '/'
2025-12-16 16:35:43.960 INFO  [restartedMain] c.s.s.SuivieAcademiqueApplication - Started SuivieAcademiqueApplication in 25.69 seconds (process running for 27.95)
2025-12-16 16:36:03.879 INFO  [http-nio-5002-exec-1] o.a.c.c.C.[Tomcat].[localhost].[/] - Initializing Spring DispatcherServlet 'dispatcherServlet'
2025-12-16 16:36:03.883 INFO  [http-nio-5002-exec-1] o.s.web.servlet.DispatcherServlet - Initializing Servlet 'dispatcherServlet'
2025-12-16 16:36:03.888 INFO  [http-nio-5002-exec-1] o.s.web.servlet.DispatcherServlet - Completed initialization in 5 ms
2025-12-16 16:36:04.095 DEBUG [http-nio-5002-exec-1] c.s.s.s.i.LogActionServiceImplementation -  Entre dans LogActionServiceImplementation.log avec arguments: [ANONYME, AVANT : getAll, URL=/api/personnel | Mthode=GET | IP=0:0:0:0:0:0:0:1]
2025-12-16 16:36:04.210 DEBUG [http-nio-5002-exec-1] org.hibernate.SQL - insert into log_action (acteur,action,date,description) values (?,?,?,?)
2025-12-16 16:36:04.829 DEBUG [http-nio-5002-exec-1] c.s.s.s.i.LogActionServiceImplementation -  Sortie de LogActionServiceImplementation.log avec rsultat: null
2025-12-16 16:36:04.830 INFO  [http-nio-5002-exec-1] c.s.s.c.PersonnelController - Requte GET /api/personnel - Rcupration de tous les personnels
2025-12-16 16:36:04.831 DEBUG [http-nio-5002-exec-1] c.s.s.s.i.PersonnelServiceImplementation -  Entre dans PersonnelServiceImplementation.getAll avec arguments: []
2025-12-16 16:36:05.078 DEBUG [http-nio-5002-exec-1] org.hibernate.SQL - select p1_0.code_personnel,p1_0.desc_cours,p1_0.login_personnel,p1_0.nom_personnel,p1_0.phone_personnel,p1_0.pwd_personnel,p1_0.role_personnel,p1_0.sexe_personnel from personnel p1_0
2025-12-16 16:36:05.149 DEBUG [http-nio-5002-exec-1] c.s.s.s.i.PersonnelServiceImplementation -  Sortie de PersonnelServiceImplementation.getAll avec rsultat: ArrayList
2025-12-16 16:36:05.151 DEBUG [http-nio-5002-exec-1] c.s.s.services.AuditService -  Entre dans AuditService.logRead avec arguments: [PERSONNEL, ALL]
2025-12-16 16:36:05.157 DEBUG [http-nio-5002-exec-1] c.s.s.services.AuditService -  Sortie de AuditService.logRead avec rsultat: null
2025-12-16 16:36:05.157 INFO  [http-nio-5002-exec-1] c.s.s.c.PersonnelController - Rcupration russie : 0 personnels trouvs
2025-12-16 16:36:05.176 DEBUG [http-nio-5002-exec-1] c.s.s.s.i.LogActionServiceImplementation -  Entre dans LogActionServiceImplementation.log avec arguments: [ANONYME, SUCCS : getAll, URL=/api/personnel | Retour=<200 OK OK,[],[]>]
2025-12-16 16:36:05.180 DEBUG [http-nio-5002-exec-1] org.hibernate.SQL - insert into log_action (acteur,action,date,description) values (?,?,?,?)
2025-12-16 16:36:05.193 DEBUG [http-nio-5002-exec-1] c.s.s.s.i.LogActionServiceImplementation -  Sortie de LogActionServiceImplementation.log avec rsultat: null
2025-12-16 16:40:30.638 DEBUG [http-nio-5002-exec-4] c.s.s.s.i.LogActionServiceImplementation -  Entre dans LogActionServiceImplementation.log avec arguments: [ANONYME, AVANT : create, URL=/api/personnel | Mthode=POST | IP=0:0:0:0:0:0:0:1]
2025-12-16 16:40:30.712 DEBUG [http-nio-5002-exec-4] org.hibernate.SQL - insert into log_action (acteur,action,date,description) values (?,?,?,?)
2025-12-16 16:40:30.757 DEBUG [http-nio-5002-exec-4] c.s.s.s.i.LogActionServiceImplementation -  Sortie de LogActionServiceImplementation.log avec rsultat: null
2025-12-16 16:40:30.760 INFO  [http-nio-5002-exec-4] c.s.s.c.PersonnelController - Requte POST /api/personnel - Cration d'un nouveau personnel
2025-12-16 16:40:30.760 DEBUG [http-nio-5002-exec-4] c.s.s.c.PersonnelController - Donnes reues : nom=Kevin Kamguem, login=kevin, role=RESPONSSALE_ACCADEMIQUE
2025-12-16 16:40:30.761 DEBUG [http-nio-5002-exec-4] c.s.s.s.i.PersonnelServiceImplementation -  Entre dans PersonnelServiceImplementation.save avec arguments: [com.suivie_academique.suivie_academique.dto.PersonnelDTO@30663d0f]
2025-12-16 16:40:30.951 DEBUG [http-nio-5002-exec-4] org.hibernate.SQL - select count(*) from personnel p1_0 where p1_0.code_personnel=?
2025-12-16 16:40:31.171 DEBUG [http-nio-5002-exec-4] org.hibernate.SQL - select p1_0.code_personnel,p1_0.desc_cours,p1_0.login_personnel,p1_0.nom_personnel,p1_0.phone_personnel,p1_0.pwd_personnel,p1_0.role_personnel,p1_0.sexe_personnel,a1_0.code_personnel,a1_0.code_cours,c1_0.code_cours,c1_0.desc_cours,c1_0.label_cours,c1_0.nb_credit_cours,c1_0.nb_heure_cours,c1_0.statu_salle from personnel p1_0 left join affectation a1_0 on p1_0.code_personnel=a1_0.code_personnel left join cours c1_0 on c1_0.code_cours=a1_0.code_cours where p1_0.code_personnel=?
2025-12-16 16:40:31.228 DEBUG [http-nio-5002-exec-4] org.hibernate.SQL - insert into personnel (desc_cours,login_personnel,nom_personnel,phone_personnel,pwd_personnel,role_personnel,sexe_personnel,code_personnel) values (?,?,?,?,?,?,?,?)
2025-12-16 16:40:31.239 DEBUG [http-nio-5002-exec-4] c.s.s.s.i.PersonnelServiceImplementation -  Sortie de PersonnelServiceImplementation.save avec rsultat: PersonnelDTO
2025-12-16 16:40:31.242 DEBUG [http-nio-5002-exec-4] c.s.s.services.AuditService -  Entre dans AuditService.logCreate avec arguments: [PERSONNEL, null20255641, Nom: Kevin Kamguem, Role: RESPONSSALE_ACCADEMIQUE]
2025-12-16 16:40:31.245 DEBUG [http-nio-5002-exec-4] c.s.s.services.AuditService -  Sortie de AuditService.logCreate avec rsultat: null
2025-12-16 16:40:31.245 INFO  [http-nio-5002-exec-4] c.s.s.c.PersonnelController - Personnel cr avec succs : code=null20255641, nom=Kevin Kamguem
2025-12-16 16:40:31.247 DEBUG [http-nio-5002-exec-4] c.s.s.s.i.LogActionServiceImplementation -  Entre dans LogActionServiceImplementation.log avec arguments: [ANONYME, SUCCS : create, URL=/api/personnel | Retour=<201 CREATED Created,com.suivie_academique.suivie_academique.dto.PersonnelDTO@a8fb3e0,[]>]
2025-12-16 16:40:31.249 DEBUG [http-nio-5002-exec-4] org.hibernate.SQL - insert into log_action (acteur,action,date,description) values (?,?,?,?)
2025-12-16 16:40:31.257 DEBUG [http-nio-5002-exec-4] c.s.s.s.i.LogActionServiceImplementation -  Sortie de LogActionServiceImplementation.log avec rsultat: null
2025-12-16 16:41:22.024 DEBUG [http-nio-5002-exec-7] c.s.s.s.i.LogActionServiceImplementation -  Entre dans LogActionServiceImplementation.log avec arguments: [ANONYME, AVANT : login, URL=/api/auth/login | Mthode=POST | IP=0:0:0:0:0:0:0:1]
2025-12-16 16:41:22.027 DEBUG [http-nio-5002-exec-7] org.hibernate.SQL - insert into log_action (acteur,action,date,description) values (?,?,?,?)
2025-12-16 16:41:22.038 DEBUG [http-nio-5002-exec-7] c.s.s.s.i.LogActionServiceImplementation -  Sortie de LogActionServiceImplementation.log avec rsultat: null
2025-12-16 16:41:22.039 INFO  [http-nio-5002-exec-7] c.s.s.controllers.AuthController - Tentative de connexion : login=kevin, IP=0:0:0:0:0:0:0:1
2025-12-16 16:41:22.222 DEBUG [http-nio-5002-exec-7] c.s.s.s.i.PersonnelDetailsService -  Entre dans PersonnelDetailsService.loadUserByUsername avec arguments: [kevin]
2025-12-16 16:41:22.276 DEBUG [http-nio-5002-exec-7] org.hibernate.SQL - select p1_0.code_personnel,p1_0.desc_cours,p1_0.login_personnel,p1_0.nom_personnel,p1_0.phone_personnel,p1_0.pwd_personnel,p1_0.role_personnel,p1_0.sexe_personnel from personnel p1_0 where p1_0.login_personnel=?
2025-12-16 16:41:22.322 DEBUG [http-nio-5002-exec-7] c.s.s.s.i.PersonnelDetailsService -  Sortie de PersonnelDetailsService.loadUserByUsername avec rsultat: User
2025-12-16 16:41:22.457 DEBUG [http-nio-5002-exec-7] c.s.s.s.i.PersonnelDetailsService -  Entre dans PersonnelDetailsService.loadUserByUsername avec arguments: [kevin]
2025-12-16 16:41:22.459 DEBUG [http-nio-5002-exec-7] org.hibernate.SQL - select p1_0.code_personnel,p1_0.desc_cours,p1_0.login_personnel,p1_0.nom_personnel,p1_0.phone_personnel,p1_0.pwd_personnel,p1_0.role_personnel,p1_0.sexe_personnel from personnel p1_0 where p1_0.login_personnel=?
2025-12-16 16:41:22.462 DEBUG [http-nio-5002-exec-7] c.s.s.s.i.PersonnelDetailsService -  Sortie de PersonnelDetailsService.loadUserByUsername avec rsultat: User
2025-12-16 16:41:22.591 INFO  [http-nio-5002-exec-7] c.s.s.controllers.AuthController - Connexion russie : login=kevin, IP=0:0:0:0:0:0:0:1
2025-12-16 16:41:22.591 DEBUG [http-nio-5002-exec-7] c.s.s.services.AuditService -  Entre dans AuditService.logLoginSuccess avec arguments: [kevin, 0:0:0:0:0:0:0:1]
2025-12-16 16:41:22.593 DEBUG [http-nio-5002-exec-7] c.s.s.services.AuditService -  Sortie de AuditService.logLoginSuccess avec rsultat: null
2025-12-16 16:41:22.595 DEBUG [http-nio-5002-exec-7] c.s.s.s.i.LogActionServiceImplementation -  Entre dans LogActionServiceImplementation.log avec arguments: [ANONYME, SUCCS : login, URL=/api/auth/login | Retour=<200 OK OK,com.suivie_academique.suivie_academique.dto.LoginResponse@3a8098d6,[]>]
2025-12-16 16:41:22.597 DEBUG [http-nio-5002-exec-7] org.hibernate.SQL - insert into log_action (acteur,action,date,description) values (?,?,?,?)
2025-12-16 16:41:22.611 DEBUG [http-nio-5002-exec-7] c.s.s.s.i.LogActionServiceImplementation -  Sortie de LogActionServiceImplementation.log avec rsultat: null
2025-12-16 16:42:03.333 DEBUG [http-nio-5002-exec-8] c.s.s.s.i.PersonnelDetailsService -  Entre dans PersonnelDetailsService.loadUserByUsername avec arguments: [kevin]
2025-12-16 16:42:03.457 DEBUG [http-nio-5002-exec-8] org.hibernate.SQL - select p1_0.code_personnel,p1_0.desc_cours,p1_0.login_personnel,p1_0.nom_personnel,p1_0.phone_personnel,p1_0.pwd_personnel,p1_0.role_personnel,p1_0.sexe_personnel from personnel p1_0 where p1_0.login_personnel=?
2025-12-16 16:42:03.462 DEBUG [http-nio-5002-exec-8] c.s.s.s.i.PersonnelDetailsService -  Sortie de PersonnelDetailsService.loadUserByUsername avec rsultat: User
2025-12-16 16:42:32.274 DEBUG [http-nio-5002-exec-9] c.s.s.s.i.PersonnelDetailsService -  Entre dans PersonnelDetailsService.loadUserByUsername avec arguments: [kevin]
2025-12-16 16:42:32.278 DEBUG [http-nio-5002-exec-9] org.hibernate.SQL - select p1_0.code_personnel,p1_0.desc_cours,p1_0.login_personnel,p1_0.nom_personnel,p1_0.phone_personnel,p1_0.pwd_personnel,p1_0.role_personnel,p1_0.sexe_personnel from personnel p1_0 where p1_0.login_personnel=?
2025-12-16 16:42:32.284 DEBUG [http-nio-5002-exec-9] c.s.s.s.i.PersonnelDetailsService -  Sortie de PersonnelDetailsService.loadUserByUsername avec rsultat: User
2025-12-16 16:42:36.424 DEBUG [http-nio-5002-exec-10] c.s.s.s.i.PersonnelDetailsService -  Entre dans PersonnelDetailsService.loadUserByUsername avec arguments: [kevin]
2025-12-16 16:42:36.427 DEBUG [http-nio-5002-exec-10] org.hibernate.SQL - select p1_0.code_personnel,p1_0.desc_cours,p1_0.login_personnel,p1_0.nom_personnel,p1_0.phone_personnel,p1_0.pwd_personnel,p1_0.role_personnel,p1_0.sexe_personnel from personnel p1_0 where p1_0.login_personnel=?
2025-12-16 16:42:36.431 DEBUG [http-nio-5002-exec-10] c.s.s.s.i.PersonnelDetailsService -  Sortie de PersonnelDetailsService.loadUserByUsername avec rsultat: User
2025-12-16 16:42:36.444 DEBUG [http-nio-5002-exec-10] c.s.s.s.i.LogActionServiceImplementation -  Entre dans LogActionServiceImplementation.log avec arguments: [kevin, AVANT : getAll, URL=/salle | Mthode=GET | IP=0:0:0:0:0:0:0:1]
2025-12-16 16:42:36.446 DEBUG [http-nio-5002-exec-10] org.hibernate.SQL - insert into log_action (acteur,action,date,description) values (?,?,?,?)
2025-12-16 16:42:36.455 DEBUG [http-nio-5002-exec-10] c.s.s.s.i.LogActionServiceImplementation -  Sortie de LogActionServiceImplementation.log avec rsultat: null
2025-12-16 16:42:36.457 DEBUG [http-nio-5002-exec-10] c.s.s.s.i.SalleServiceImplementation -  Entre dans SalleServiceImplementation.getAll avec arguments: []
2025-12-16 16:42:36.470 DEBUG [http-nio-5002-exec-10] org.hibernate.SQL - select s1_0.code_salle,s1_0.contenance,s1_0.desc_salle,s1_0.status_salle from salle s1_0
2025-12-16 16:42:36.478 DEBUG [http-nio-5002-exec-10] c.s.s.s.i.SalleServiceImplementation -  Sortie de SalleServiceImplementation.getAll avec rsultat: ArrayList
2025-12-16 16:42:36.479 DEBUG [http-nio-5002-exec-10] c.s.s.s.i.LogActionServiceImplementation -  Entre dans LogActionServiceImplementation.log avec arguments: [kevin, SUCCS : getAll, URL=/salle | Retour=<200 OK OK,[],[]>]
2025-12-16 16:42:36.481 DEBUG [http-nio-5002-exec-10] org.hibernate.SQL - insert into log_action (acteur,action,date,description) values (?,?,?,?)
2025-12-16 16:42:36.490 DEBUG [http-nio-5002-exec-10] c.s.s.s.i.LogActionServiceImplementation -  Sortie de LogActionServiceImplementation.log avec rsultat: null
2025-12-16 16:48:56.529 INFO  [SpringApplicationShutdownHook] o.s.b.w.e.tomcat.GracefulShutdown - Commencing graceful shutdown. Waiting for active requests to complete
2025-12-16 16:48:56.665 INFO  [tomcat-shutdown] o.s.b.w.e.tomcat.GracefulShutdown - Graceful shutdown complete
2025-12-16 16:48:56.937 INFO  [SpringApplicationShutdownHook] o.s.o.j.LocalContainerEntityManagerFactoryBean - Closing JPA EntityManagerFactory for persistence unit 'default'
2025-12-16 16:48:57.176 INFO  [SpringApplicationShutdownHook] com.zaxxer.hikari.HikariDataSource - HikariPool-1 - Shutdown initiated...
2025-12-16 16:48:57.270 INFO  [SpringApplicationShutdownHook] com.zaxxer.hikari.HikariDataSource - HikariPool-1 - Shutdown completed.
2025-12-16 16:49:14.173 INFO  [background-preinit] o.h.validator.internal.util.Version - HV000001: Hibernate Validator 8.0.3.Final
2025-12-16 16:49:14.286 INFO  [restartedMain] c.s.s.SuivieAcademiqueApplication - Starting SuivieAcademiqueApplication using Java 24.0.1 with PID 14252 (C:\Users\Mc-kevin\Faux\EADL\DevAvnc\tp3\suivie_academique\target\classes started by Mc-kevin in C:\Users\Mc-kevin\Faux\EADL\DevAvnc\tp3\suivie_academique)
2025-12-16 16:49:14.288 DEBUG [restartedMain] c.s.s.SuivieAcademiqueApplication - Running with Spring Boot v3.5.7, Spring v6.2.12
2025-12-16 16:49:14.289 INFO  [restartedMain] c.s.s.SuivieAcademiqueApplication - No active profile set, falling back to 1 default profile: "default"
2025-12-16 16:49:14.434 INFO  [restartedMain] o.s.b.d.e.DevToolsPropertyDefaultsPostProcessor - Devtools property defaults active! Set 'spring.devtools.add-properties' to 'false' to disable
2025-12-16 16:49:14.434 INFO  [restartedMain] o.s.b.d.e.DevToolsPropertyDefaultsPostProcessor - For additional web related logging consider setting the 'logging.level.web' property to 'DEBUG'
2025-12-16 16:49:17.954 INFO  [restartedMain] o.s.d.r.c.RepositoryConfigurationDelegate - Bootstrapping Spring Data JPA repositories in DEFAULT mode.
2025-12-16 16:49:18.211 INFO  [restartedMain] o.s.d.r.c.RepositoryConfigurationDelegate - Finished Spring Data repository scanning in 231 ms. Found 6 JPA repository interfaces.
2025-12-16 16:49:20.370 INFO  [restartedMain] o.s.b.w.e.tomcat.TomcatWebServer - Tomcat initialized with port 5002 (http)
2025-12-16 16:49:20.399 INFO  [restartedMain] o.a.coyote.http11.Http11NioProtocol - Initializing ProtocolHandler ["http-nio-5002"]
2025-12-16 16:49:20.402 INFO  [restartedMain] o.a.catalina.core.StandardService - Starting service [Tomcat]
2025-12-16 16:49:20.403 INFO  [restartedMain] o.a.catalina.core.StandardEngine - Starting Servlet engine: [Apache Tomcat/10.1.48]
2025-12-16 16:49:20.520 INFO  [restartedMain] o.a.c.c.C.[Tomcat].[localhost].[/] - Initializing Spring embedded WebApplicationContext
2025-12-16 16:49:20.521 INFO  [restartedMain] o.s.b.w.s.c.ServletWebServerApplicationContext - Root WebApplicationContext: initialization completed in 6085 ms
2025-12-16 16:49:21.236 INFO  [restartedMain] o.h.jpa.internal.util.LogHelper - HHH000204: Processing PersistenceUnitInfo [name: default]
2025-12-16 16:49:21.387 INFO  [restartedMain] org.hibernate.Version - HHH000412: Hibernate ORM core version 6.6.33.Final
2025-12-16 16:49:21.474 INFO  [restartedMain] o.h.c.i.RegionFactoryInitiator - HHH000026: Second-level cache disabled
2025-12-16 16:49:22.140 INFO  [restartedMain] o.s.o.j.p.SpringPersistenceUnitInfo - No LoadTimeWeaver setup: ignoring JPA class transformer
2025-12-16 16:49:22.211 INFO  [restartedMain] com.zaxxer.hikari.HikariDataSource - HikariPool-1 - Starting...
2025-12-16 16:49:23.137 INFO  [restartedMain] com.zaxxer.hikari.pool.HikariPool - HikariPool-1 - Added connection com.mysql.cj.jdbc.ConnectionImpl@cfa5b5f
2025-12-16 16:49:23.142 INFO  [restartedMain] com.zaxxer.hikari.HikariDataSource - HikariPool-1 - Start completed.
2025-12-16 16:49:23.257 WARN  [restartedMain] org.hibernate.orm.deprecation - HHH90000025: MySQLDialect does not need to be specified explicitly using 'hibernate.dialect' (remove the property setting and it will be selected by default)
2025-12-16 16:49:23.301 INFO  [restartedMain] o.hibernate.orm.connections.pooling - HHH10001005: Database info:
	Database JDBC URL [Connecting through datasource 'HikariDataSource (HikariPool-1)']
	Database driver: undefined/unknown
	Database version: 9.1
	Autocommit mode: undefined/unknown
	Isolation level: undefined/unknown
	Minimum pool size: undefined/unknown
	Maximum pool size: undefined/unknown
2025-12-16 16:49:24.434 WARN  [restartedMain] org.hibernate.mapping.RootClass - HHH000038: Composite-id class does not override equals(): com.suivie_academique.suivie_academique.entities.Affectationid
2025-12-16 16:49:24.434 WARN  [restartedMain] org.hibernate.mapping.RootClass - HHH000039: Composite-id class does not override hashCode(): com.suivie_academique.suivie_academique.entities.Affectationid
2025-12-16 16:49:26.310 INFO  [restartedMain] o.h.e.t.j.p.i.JtaPlatformInitiator - HHH000489: No JTA platform available (set 'hibernate.transaction.jta.platform' to enable JTA platform integration)
2025-12-16 16:49:26.568 INFO  [restartedMain] o.s.o.j.LocalContainerEntityManagerFactoryBean - Initialized JPA EntityManagerFactory for persistence unit 'default'
2025-12-16 16:49:27.733 INFO  [restartedMain] o.s.d.j.r.query.QueryEnhancerFactory - Hibernate is in classpath; If applicable, HQL parser will be used.
2025-12-16 16:49:30.024 DEBUG [restartedMain] c.s.s.security.JwtFilter - Filter 'jwtFilter' configured for use
2025-12-16 16:49:30.437 INFO  [restartedMain] o.s.s.c.a.a.c.InitializeUserDetailsBeanManagerConfigurer$InitializeUserDetailsManagerConfigurer - Global AuthenticationManager configured with UserDetailsService bean with name personnelDetailsService
2025-12-16 16:49:31.281 WARN  [restartedMain] o.s.b.a.o.j.JpaBaseConfiguration$JpaWebConfiguration - spring.jpa.open-in-view is enabled by default. Therefore, database queries may be performed during view rendering. Explicitly configure spring.jpa.open-in-view to disable this warning
2025-12-16 16:49:33.028 INFO  [restartedMain] o.s.b.a.e.web.EndpointLinksResolver - Exposing 1 endpoint beneath base path '/actuator'
2025-12-16 16:49:35.570 INFO  [restartedMain] o.s.b.d.a.OptionalLiveReloadServer - LiveReload server is running on port 35729
2025-12-16 16:49:35.787 INFO  [restartedMain] o.a.coyote.http11.Http11NioProtocol - Starting ProtocolHandler ["http-nio-5002"]
2025-12-16 16:49:35.952 INFO  [restartedMain] o.s.b.w.e.tomcat.TomcatWebServer - Tomcat started on port 5002 (http) with context path '/'
2025-12-16 16:49:36.052 INFO  [restartedMain] c.s.s.SuivieAcademiqueApplication - Started SuivieAcademiqueApplication in 23.401 seconds (process running for 25.82)
2025-12-16 16:52:49.683 INFO  [http-nio-5002-exec-1] o.a.c.c.C.[Tomcat].[localhost].[/] - Initializing Spring DispatcherServlet 'dispatcherServlet'
2025-12-16 16:52:49.685 INFO  [http-nio-5002-exec-1] o.s.web.servlet.DispatcherServlet - Initializing Servlet 'dispatcherServlet'
2025-12-16 16:52:49.695 INFO  [http-nio-5002-exec-1] o.s.web.servlet.DispatcherServlet - Completed initialization in 10 ms
2025-12-16 16:52:50.122 DEBUG [http-nio-5002-exec-1] c.s.s.s.i.PersonnelDetailsService -  Entre dans PersonnelDetailsService.loadUserByUsername avec arguments: [kevin]
2025-12-16 16:52:51.025 DEBUG [http-nio-5002-exec-1] org.hibernate.SQL - select p1_0.code_personnel,p1_0.desc_cours,p1_0.login_personnel,p1_0.nom_personnel,p1_0.phone_personnel,p1_0.pwd_personnel,p1_0.role_personnel,p1_0.sexe_personnel from personnel p1_0 where p1_0.login_personnel=?
2025-12-16 16:52:51.253 WARN  [http-nio-5002-exec-1] jdk.proxy4.$Proxy165 -  $Proxy165.findByLoginPersonnel a pris 1124 ms (LENT)
2025-12-16 16:52:51.283 DEBUG [http-nio-5002-exec-1] c.s.s.s.i.PersonnelDetailsService -  Sortie de PersonnelDetailsService.loadUserByUsername avec rsultat: User
2025-12-16 16:52:51.455 DEBUG [http-nio-5002-exec-1] c.s.s.s.i.LogActionServiceImplementation -  Entre dans LogActionServiceImplementation.log avec arguments: [kevin, AVANT : getAll, URL=/salle | Mthode=GET | IP=0:0:0:0:0:0:0:1]
2025-12-16 16:52:51.631 DEBUG [http-nio-5002-exec-1] org.hibernate.SQL - insert into log_action (acteur,action,date,description) values (?,?,?,?)
2025-12-16 16:52:51.845 DEBUG [http-nio-5002-exec-1] c.s.s.s.i.LogActionServiceImplementation -  Sortie de LogActionServiceImplementation.log avec rsultat: null
2025-12-16 16:52:51.861 DEBUG [http-nio-5002-exec-1] c.s.s.s.i.SalleServiceImplementation -  Entre dans SalleServiceImplementation.getAll avec arguments: []
2025-12-16 16:52:51.883 DEBUG [http-nio-5002-exec-1] org.hibernate.SQL - select s1_0.code_salle,s1_0.contenance,s1_0.desc_salle,s1_0.status_salle from salle s1_0
2025-12-16 16:52:51.895 DEBUG [http-nio-5002-exec-1] c.s.s.s.i.SalleServiceImplementation -  Sortie de SalleServiceImplementation.getAll avec rsultat: ArrayList
2025-12-16 16:52:51.902 DEBUG [http-nio-5002-exec-1] c.s.s.s.i.LogActionServiceImplementation -  Entre dans LogActionServiceImplementation.log avec arguments: [kevin, SUCCS : getAll, URL=/salle | Retour=<200 OK OK,[],[]>]
2025-12-16 16:52:51.905 DEBUG [http-nio-5002-exec-1] org.hibernate.SQL - insert into log_action (acteur,action,date,description) values (?,?,?,?)
2025-12-16 16:52:51.916 DEBUG [http-nio-5002-exec-1] c.s.s.s.i.LogActionServiceImplementation -  Sortie de LogActionServiceImplementation.log avec rsultat: null
2025-12-16 16:54:16.912 DEBUG [http-nio-5002-exec-7] c.s.s.s.i.LogActionServiceImplementation -  Entre dans LogActionServiceImplementation.log avec arguments: [ANONYME, AVANT : getAll, URL=/api/personnel | Mthode=GET | IP=0:0:0:0:0:0:0:1]
2025-12-16 16:54:16.939 DEBUG [http-nio-5002-exec-7] org.hibernate.SQL - insert into log_action (acteur,action,date,description) values (?,?,?,?)
2025-12-16 16:54:16.962 DEBUG [http-nio-5002-exec-7] c.s.s.s.i.LogActionServiceImplementation -  Sortie de LogActionServiceImplementation.log avec rsultat: null
2025-12-16 16:54:16.962 INFO  [http-nio-5002-exec-7] c.s.s.c.PersonnelController - Requte GET /api/personnel - Rcupration de tous les personnels
2025-12-16 16:54:16.963 DEBUG [http-nio-5002-exec-7] c.s.s.s.i.PersonnelServiceImplementation -  Entre dans PersonnelServiceImplementation.getAll avec arguments: []
2025-12-16 16:54:16.997 DEBUG [http-nio-5002-exec-7] org.hibernate.SQL - select p1_0.code_personnel,p1_0.desc_cours,p1_0.login_personnel,p1_0.nom_personnel,p1_0.phone_personnel,p1_0.pwd_personnel,p1_0.role_personnel,p1_0.sexe_personnel from personnel p1_0
2025-12-16 16:54:17.013 DEBUG [http-nio-5002-exec-7] c.s.s.s.i.PersonnelServiceImplementation -  Sortie de PersonnelServiceImplementation.getAll avec rsultat: ArrayList
2025-12-16 16:54:17.015 DEBUG [http-nio-5002-exec-7] c.s.s.services.AuditService -  Entre dans AuditService.logRead avec arguments: [PERSONNEL, ALL]
2025-12-16 16:54:17.024 DEBUG [http-nio-5002-exec-7] c.s.s.services.AuditService -  Sortie de AuditService.logRead avec rsultat: null
2025-12-16 16:54:17.024 INFO  [http-nio-5002-exec-7] c.s.s.c.PersonnelController - Rcupration russie : 1 personnels trouvs
2025-12-16 16:54:17.034 DEBUG [http-nio-5002-exec-7] c.s.s.s.i.LogActionServiceImplementation -  Entre dans LogActionServiceImplementation.log avec arguments: [ANONYME, SUCCS : getAll, URL=/api/personnel | Retour=<200 OK OK,[com.suivie_academique.suivie_academique.dto.PersonnelDTO@360dfb90],[]>]
2025-12-16 16:54:17.037 DEBUG [http-nio-5002-exec-7] org.hibernate.SQL - insert into log_action (acteur,action,date,description) values (?,?,?,?)
2025-12-16 16:54:17.072 DEBUG [http-nio-5002-exec-7] c.s.s.s.i.LogActionServiceImplementation -  Sortie de LogActionServiceImplementation.log avec rsultat: null
2025-12-16 16:54:51.916 DEBUG [http-nio-5002-exec-5] c.s.s.s.i.LogActionServiceImplementation -  Entre dans LogActionServiceImplementation.log avec arguments: [ANONYME, AVANT : login, URL=/api/auth/login | Mthode=POST | IP=0:0:0:0:0:0:0:1]
2025-12-16 16:54:51.919 DEBUG [http-nio-5002-exec-5] org.hibernate.SQL - insert into log_action (acteur,action,date,description) values (?,?,?,?)
2025-12-16 16:54:51.929 DEBUG [http-nio-5002-exec-5] c.s.s.s.i.LogActionServiceImplementation -  Sortie de LogActionServiceImplementation.log avec rsultat: null
2025-12-16 16:54:51.932 INFO  [http-nio-5002-exec-5] c.s.s.controllers.AuthController - Tentative de connexion : login=kevin, IP=0:0:0:0:0:0:0:1
2025-12-16 16:54:52.091 DEBUG [http-nio-5002-exec-5] c.s.s.s.i.PersonnelDetailsService -  Entre dans PersonnelDetailsService.loadUserByUsername avec arguments: [kevin]
2025-12-16 16:54:52.100 DEBUG [http-nio-5002-exec-5] org.hibernate.SQL - select p1_0.code_personnel,p1_0.desc_cours,p1_0.login_personnel,p1_0.nom_personnel,p1_0.phone_personnel,p1_0.pwd_personnel,p1_0.role_personnel,p1_0.sexe_personnel from personnel p1_0 where p1_0.login_personnel=?
2025-12-16 16:54:52.104 DEBUG [http-nio-5002-exec-5] c.s.s.s.i.PersonnelDetailsService -  Sortie de PersonnelDetailsService.loadUserByUsername avec rsultat: User
2025-12-16 16:54:52.270 DEBUG [http-nio-5002-exec-5] c.s.s.s.i.PersonnelDetailsService -  Entre dans PersonnelDetailsService.loadUserByUsername avec arguments: [kevin]
2025-12-16 16:54:52.273 DEBUG [http-nio-5002-exec-5] org.hibernate.SQL - select p1_0.code_personnel,p1_0.desc_cours,p1_0.login_personnel,p1_0.nom_personnel,p1_0.phone_personnel,p1_0.pwd_personnel,p1_0.role_personnel,p1_0.sexe_personnel from personnel p1_0 where p1_0.login_personnel=?
2025-12-16 16:54:52.277 DEBUG [http-nio-5002-exec-5] c.s.s.s.i.PersonnelDetailsService -  Sortie de PersonnelDetailsService.loadUserByUsername avec rsultat: User
2025-12-16 16:54:52.368 INFO  [http-nio-5002-exec-5] c.s.s.controllers.AuthController - Connexion russie : login=kevin, IP=0:0:0:0:0:0:0:1
2025-12-16 16:54:52.369 DEBUG [http-nio-5002-exec-5] c.s.s.services.AuditService -  Entre dans AuditService.logLoginSuccess avec arguments: [kevin, 0:0:0:0:0:0:0:1]
2025-12-16 16:54:52.371 DEBUG [http-nio-5002-exec-5] c.s.s.services.AuditService -  Sortie de AuditService.logLoginSuccess avec rsultat: null
2025-12-16 16:54:52.377 DEBUG [http-nio-5002-exec-5] c.s.s.s.i.LogActionServiceImplementation -  Entre dans LogActionServiceImplementation.log avec arguments: [ANONYME, SUCCS : login, URL=/api/auth/login | Retour=<200 OK OK,com.suivie_academique.suivie_academique.dto.LoginResponse@42add954,[]>]
2025-12-16 16:54:52.379 DEBUG [http-nio-5002-exec-5] org.hibernate.SQL - insert into log_action (acteur,action,date,description) values (?,?,?,?)
2025-12-16 16:54:52.390 DEBUG [http-nio-5002-exec-5] c.s.s.s.i.LogActionServiceImplementation -  Sortie de LogActionServiceImplementation.log avec rsultat: null
2025-12-16 16:55:28.394 DEBUG [http-nio-5002-exec-8] c.s.s.s.i.PersonnelDetailsService -  Entre dans PersonnelDetailsService.loadUserByUsername avec arguments: [kevin]
2025-12-16 16:55:28.400 DEBUG [http-nio-5002-exec-8] org.hibernate.SQL - select p1_0.code_personnel,p1_0.desc_cours,p1_0.login_personnel,p1_0.nom_personnel,p1_0.phone_personnel,p1_0.pwd_personnel,p1_0.role_personnel,p1_0.sexe_personnel from personnel p1_0 where p1_0.login_personnel=?
2025-12-16 16:55:28.405 DEBUG [http-nio-5002-exec-8] c.s.s.s.i.PersonnelDetailsService -  Sortie de PersonnelDetailsService.loadUserByUsername avec rsultat: User
2025-12-16 16:55:28.415 DEBUG [http-nio-5002-exec-8] c.s.s.s.i.LogActionServiceImplementation -  Entre dans LogActionServiceImplementation.log avec arguments: [kevin, AVANT : getAll, URL=/salle | Mthode=GET | IP=0:0:0:0:0:0:0:1]
2025-12-16 16:55:28.418 DEBUG [http-nio-5002-exec-8] org.hibernate.SQL - insert into log_action (acteur,action,date,description) values (?,?,?,?)
2025-12-16 16:55:28.425 DEBUG [http-nio-5002-exec-8] c.s.s.s.i.LogActionServiceImplementation -  Sortie de LogActionServiceImplementation.log avec rsultat: null
2025-12-16 16:55:28.426 DEBUG [http-nio-5002-exec-8] c.s.s.s.i.SalleServiceImplementation -  Entre dans SalleServiceImplementation.getAll avec arguments: []
2025-12-16 16:55:28.430 DEBUG [http-nio-5002-exec-8] org.hibernate.SQL - select s1_0.code_salle,s1_0.contenance,s1_0.desc_salle,s1_0.status_salle from salle s1_0
2025-12-16 16:55:28.436 DEBUG [http-nio-5002-exec-8] c.s.s.s.i.SalleServiceImplementation -  Sortie de SalleServiceImplementation.getAll avec rsultat: ArrayList
2025-12-16 16:55:28.436 DEBUG [http-nio-5002-exec-8] c.s.s.s.i.LogActionServiceImplementation -  Entre dans LogActionServiceImplementation.log avec arguments: [kevin, SUCCS : getAll, URL=/salle | Retour=<200 OK OK,[],[]>]
2025-12-16 16:55:28.438 DEBUG [http-nio-5002-exec-8] org.hibernate.SQL - insert into log_action (acteur,action,date,description) values (?,?,?,?)
2025-12-16 16:55:28.446 DEBUG [http-nio-5002-exec-8] c.s.s.s.i.LogActionServiceImplementation -  Sortie de LogActionServiceImplementation.log avec rsultat: null
